[2018-02-28 01:30:25] /index.php?m=index&a=index&m=search&a=index&keyword=%E7%88%B1%E4%BB%96%E7%BE%8E&gift=1 ( m=search&a=index ) 
ERR: Db Error: Unknown column 'have_gift' in 'where clause'
SELECT COUNT(*) AS nc_count FROM `kjyp_goods_common` WHERE ( (goods_name LIKE '%爱他美%') OR (goods_jingle LIKE '%爱他美%') ) AND ( have_gift = '1' ) LIMIT 1  
[2018-02-28 09:04:58] /index.php?m=index&a=index&m=search&a=index&keyword=%E7%88%B1%E4%BB%96%E7%BE%8E&gift=1 ( m=search&a=index ) 
ERR: Db Error: Unknown column 'have_gift' in 'where clause'
SELECT COUNT(*) AS nc_count FROM `kjyp_goods_common` WHERE ( (goods_name LIKE '%爱他美%') OR (goods_jingle LIKE '%爱他美%') ) AND ( have_gift = '1' ) LIMIT 1  
[2018-02-28 09:53:15] /index.php?m=s_logout&a=logout ( m=s_logout&a=logout ) 
ERR: Db Error: Column 'log_seller_id' cannot be null
INSERT  INTO `kjyp_seller_log` (log_content,log_time,log_seller_id,log_seller_name,log_store_id,log_seller_ip,log_url,log_state) VALUES ('注销成功','1519782795',NULL,NULL,NULL,'61.129.6.76','s_logout&logout','1')
[2018-02-28 10:19:55] /api/payment/dingpay/notify_url.php ( m=payment&a=getnotify ) 
ERR: Db Error: Column 'member_id' cannot be null
INSERT  INTO `kjyp_consume` (member_id,member_name,consume_amount,consume_time,consume_remark) VALUES (NULL,NULL,'0.00','1519784395','实物订单使用成功支付，支付单号：2018022810113800000')
[2018-02-28 10:19:55] /api/payment/dingpay/notify_url.php ( m=payment&a=getnotify ) 
ERR: Db Error: Column 'member_id' cannot be null
INSERT  INTO `kjyp_consume` (member_id,member_name,consume_amount,consume_time,consume_remark) VALUES (NULL,NULL,'0.00','1519784395','实物订单使用成功支付，支付单号：2018022810113800001')
[2018-02-28 10:21:10] /api/payment/dingpay/notify_url.php ( m=payment&a=getnotify ) 
ERR: Db Error: Column 'member_id' cannot be null
INSERT  INTO `kjyp_consume` (member_id,member_name,consume_amount,consume_time,consume_remark) VALUES (NULL,NULL,'0.00','1519784470','实物订单使用成功支付，支付单号：2018022810113817172')
[2018-02-28 10:21:11] /api/payment/dingpay/notify_url.php ( m=payment&a=getnotify ) 
ERR: Db Error: Column 'member_id' cannot be null
INSERT  INTO `kjyp_consume` (member_id,member_name,consume_amount,consume_time,consume_remark) VALUES (NULL,NULL,'0.00','1519784471','实物订单使用成功支付，支付单号：2018022810113861724')
[2018-02-28 10:27:06] /api/payment/dingpay/notify_url.php ( m=payment&a=getnotify ) 
ERR: Db Error: Column 'member_id' cannot be null
INSERT  INTO `kjyp_consume` (member_id,member_name,consume_amount,consume_time,consume_remark) VALUES (NULL,NULL,'0.00','1519784826','实物订单使用成功支付，支付单号：2018022810113800001')
[2018-02-28 10:27:10] /api/payment/dingpay/notify_url.php ( m=payment&a=getnotify ) 
ERR: Db Error: Column 'member_id' cannot be null
INSERT  INTO `kjyp_consume` (member_id,member_name,consume_amount,consume_time,consume_remark) VALUES (NULL,NULL,'0.00','1519784830','实物订单使用成功支付，支付单号：2018022810113800000')
[2018-02-28 11:05:44] /api/payment/dingpay/notify_url.php ( m=payment&a=getnotify ) 
ERR: Db Error: Unknown column 'order_sn' in 'where clause'
SELECT * FROM `kjyp_order_pay` WHERE ( order_sn IN('') ) LIMIT 1000  
[2018-02-28 11:05:44] /api/payment/dingpay/notify_url.php ( m=payment&a=getnotify ) 
ERR: Db Error: Unknown column 'order_sn' in 'where clause'
SELECT * FROM `kjyp_order_pay` WHERE ( order_sn IN('') ) LIMIT 1000  
[2018-02-28 11:11:42] /api/payment/dingpay/notify_url.php ( m=payment&a=getnotify ) 
ERR: Db Error: Unknown column 'order_sn' in 'where clause'
SELECT * FROM `kjyp_order_pay` WHERE ( order_sn IN ('2018022810455180000') ) LIMIT 1000  
[2018-02-28 11:11:42] /api/payment/dingpay/notify_url.php ( m=payment&a=getnotify ) 
ERR: Db Error: Unknown column 'order_sn' in 'where clause'
SELECT * FROM `kjyp_order_pay` WHERE ( order_sn IN ('2018022810455180001') ) LIMIT 1000  
[2018-02-28 11:12:09] /api/payment/dingpay/notify_url.php ( m=payment&a=getnotify ) 
ERR: Db Error: Unknown column 'order_sn' in 'where clause'
SELECT * FROM `kjyp_order_pay` WHERE ( order_sn IN ('2018022810455189838') ) LIMIT 1000  
[2018-02-28 11:18:14] /api/payment/dingpay/notify_url.php ( m=payment&a=getnotify ) 
ERR: Db Error: Unknown column 'order_sn' in 'where clause'
SELECT * FROM `kjyp_order_pay` WHERE ( order_sn IN ('2018022810455180000') ) LIMIT 1000  
[2018-02-28 11:25:57] /api/payment/dingpay/notify_url.php ( m=payment&a=getnotify ) 
ERR: Db Error: Unknown column 'order_sn' in 'where clause'
SELECT * FROM `kjyp_order_pay` WHERE ( order_sn IN ('2018022810455180002') ) LIMIT 1000  
[2018-02-28 11:25:57] /api/payment/dingpay/notify_url.php ( m=payment&a=getnotify ) 
ERR: Db Error: Unknown column 'order_sn' in 'where clause'
SELECT * FROM `kjyp_order_pay` WHERE ( order_sn IN ('2018022810455180003') ) LIMIT 1000  
[2018-02-28 11:30:14] /api/payment/dingpay/notify_url.php ( m=payment&a=getnotify ) 
ERR: Db Error: Unknown column 'order_sn' in 'where clause'
SELECT * FROM `kjyp_order_pay` WHERE ( order_sn IN ('2018022810455180000') ) LIMIT 1000  
[2018-02-28 11:33:11] /api/payment/dingpay/notify_url.php ( m=payment&a=getnotify ) 
ERR: Db Error: Unknown column 'order_sn' in 'where clause'
SELECT * FROM `kjyp_order_pay` WHERE ( order_sn IN ('2018022810455180003') ) LIMIT 1000  
[2018-02-28 11:45:07] /api/payment/dingpay/notify_url.php ( m=payment&a=getnotify ) 
ERR: Db Error: Unknown column 'order_sn' in 'where clause'
SELECT * FROM `kjyp_order_pay` WHERE ( order_sn IN ('2018022810455180003') ) LIMIT 1000  
[2018-02-28 11:51:07] /api/payment/dingpay/notify_url.php ( m=payment&a=getnotify ) 
ERR: Db Error: Unknown column 'order_sn' in 'where clause'
SELECT * FROM `kjyp_order_pay` WHERE ( order_sn IN ('2018022810455180000') ) LIMIT 1000  
[2018-02-28 12:21:07] /api/payment/dingpay/notify_url.php ( m=payment&a=getnotify ) 
ERR: Db Error: Unknown column 'order_sn' in 'where clause'
SELECT * FROM `kjyp_order_pay` WHERE ( order_sn IN ('2018022810455180000') ) LIMIT 1000  
[2018-02-28 12:25:41] /index.php?m=getdata ( m=getdata&a=index ) 
ERR: Db Error: Column 'order_sn' cannot be null
INSERT  INTO `kjyp_hgmessage` (order_sn,messagecode,messagememo,msg_time) VALUES (NULL,NULL,NULL,'1519791941')
[2018-02-28 12:25:46] /index.php?m=getdata ( m=getdata&a=index ) 
ERR: Db Error: Column 'order_sn' cannot be null
INSERT  INTO `kjyp_hgmessage` (order_sn,messagecode,messagememo,msg_time) VALUES (NULL,NULL,NULL,'1519791946')
[2018-02-28 12:25:48] /index.php?m=getdata ( m=getdata&a=index ) 
ERR: Db Error: Column 'order_sn' cannot be null
INSERT  INTO `kjyp_hgmessage` (order_sn,messagecode,messagememo,msg_time) VALUES (NULL,NULL,NULL,'1519791948')
[2018-02-28 12:25:51] /index.php?m=getdata ( m=getdata&a=index ) 
ERR: Db Error: Column 'order_sn' cannot be null
INSERT  INTO `kjyp_hgmessage` (order_sn,messagecode,messagememo,msg_time) VALUES (NULL,NULL,NULL,'1519791951')
[2018-02-28 12:25:51] /index.php?m=getdata ( m=getdata&a=index ) 
ERR: Db Error: Column 'order_sn' cannot be null
INSERT  INTO `kjyp_hgmessage` (order_sn,messagecode,messagememo,msg_time) VALUES (NULL,NULL,NULL,'1519791951')
[2018-02-28 12:25:51] /index.php?m=getdata ( m=getdata&a=index ) 
ERR: Db Error: Column 'order_sn' cannot be null
INSERT  INTO `kjyp_hgmessage` (order_sn,messagecode,messagememo,msg_time) VALUES (NULL,NULL,NULL,'1519791951')
[2018-02-28 12:25:51] /index.php?m=getdata ( m=getdata&a=index ) 
ERR: Db Error: Column 'order_sn' cannot be null
INSERT  INTO `kjyp_hgmessage` (order_sn,messagecode,messagememo,msg_time) VALUES (NULL,NULL,NULL,'1519791951')
[2018-02-28 12:25:51] /index.php?m=getdata ( m=getdata&a=index ) 
ERR: Db Error: Column 'order_sn' cannot be null
INSERT  INTO `kjyp_hgmessage` (order_sn,messagecode,messagememo,msg_time) VALUES (NULL,NULL,NULL,'1519791951')
[2018-02-28 12:28:01] /index.php?m=getdata ( m=getdata&a=index ) 
ERR: Db Error: Column 'order_sn' cannot be null
INSERT  INTO `kjyp_hgmessage` (order_sn,messagecode,messagememo,msg_time) VALUES (NULL,NULL,NULL,'1519792081')
[2018-02-28 12:28:01] /index.php?m=getdata ( m=getdata&a=index ) 
ERR: Db Error: Column 'order_sn' cannot be null
INSERT  INTO `kjyp_hgmessage` (order_sn,messagecode,messagememo,msg_time) VALUES (NULL,NULL,NULL,'1519792081')
[2018-02-28 12:28:36] /index.php?m=getdata ( m=getdata&a=index ) 
ERR: Db Error: Column 'order_sn' cannot be null
INSERT  INTO `kjyp_hgmessage` (order_sn,messagecode,messagememo,msg_time) VALUES (NULL,NULL,NULL,'1519792116')
[2018-02-28 12:33:52] /index.php?m=getdata ( m=getdata&a=index ) 
ERR: Db Error: Column 'order_sn' cannot be null
INSERT  INTO `kjyp_hgmessage` (order_sn,messagecode,messagememo,msg_time) VALUES (NULL,NULL,NULL,'1519792432')
[2018-02-28 12:33:52] /index.php?m=getdata ( m=getdata&a=index ) 
ERR: Db Error: Column 'order_sn' cannot be null
INSERT  INTO `kjyp_hgmessage` (order_sn,messagecode,messagememo,msg_time) VALUES (NULL,NULL,NULL,'1519792432')
[2018-02-28 12:36:47] /index.php?m=getdata ( m=getdata&a=index ) 
ERR: Db Error: Column 'order_sn' cannot be null
INSERT  INTO `kjyp_hgmessage` (order_sn,messagecode,messagememo,msg_time) VALUES (NULL,NULL,NULL,'1519792607')
[2018-02-28 12:51:12] /api/payment/dingpay/notify_url.php ( m=payment&a=getnotify ) 
ERR: Db Error: Unknown column 'order_sn' in 'where clause'
SELECT * FROM `kjyp_order_pay` WHERE ( order_sn IN ('2018022810455180000') ) LIMIT 1000  
[2018-02-28 13:21:07] /api/payment/dingpay/notify_url.php ( m=payment&a=getnotify ) 
ERR: Db Error: Unknown column 'order_sn' in 'where clause'
SELECT * FROM `kjyp_order_pay` WHERE ( order_sn IN ('2018022810455180000') ) LIMIT 1000  
[2018-02-28 14:03:37] /index.php?a=index&a=index&area_id=17&gift=1&key=1&keyword=%E7%89%9B%E6%A0%8F&m=index&m=search&order=2 ( m=search&a=index ) 
ERR: Db Error: Unknown column 'have_gift' in 'where clause'
SELECT COUNT(*) AS nc_count FROM `kjyp_goods_common` WHERE ( (goods_name LIKE '%牛栏%') OR (goods_jingle LIKE '%牛栏%') ) AND ( areaid_1 = '17' ) AND ( have_gift = '1' ) LIMIT 1  
[2018-02-28 14:18:52] /index.php?m=getdata ( m=getdata&a=index ) 
ERR: Db Error: Column 'order_sn' cannot be null
INSERT  INTO `kjyp_hgmessage` (order_sn,messagecode,messagememo,msg_time) VALUES (NULL,NULL,NULL,'1519798732')
