[2017-11-21 13:36:10] /index.php?m=store_order&a=change_state&state_type=order_cancel&order_id=324 ( m=store_order&a=change_state ) 
ERR: Db Error: BIGINT UNSIGNED value is out of range in '(`admin_hotstaro2o`.`kjyp_goods`.`goods_salenum` - 6)'
UPDATE `kjyp_goods` SET goods_storage=goods_storage+6,goods_salenum=goods_salenum-6,goods_edittime='1511242570' WHERE ( goods_id IN ('152086') )
[2017-11-21 16:29:54] /index.php ( m=store_buy&a=buy_step2 ) 
ERR: Db Error: Duplicate entry '594' for key 'PRIMARY'
INSERT  INTO `kjyp_order_snapshot` (rec_id,goods_id,create_time,goods_attr,goods_body) VALUES ('594','152093','1511252994','a:2:{s:6:\"货号\";s:10:\"3091002002\";s:6:\"品牌\";s:0:\"\";}','')
[2017-11-21 16:32:33] /index.php?m=index&a=index&m=search&a=index&keyword=%E7%88%B1%E4%BB%96%E7%BE%8E&gift=1 ( m=search&a=index ) 
ERR: Db Error: Unknown column 'have_gift' in 'where clause'
SELECT COUNT(*) AS nc_count FROM `kjyp_goods_common` WHERE ( (goods_name LIKE '%爱他美%') OR (goods_jingle LIKE '%爱他美%') ) AND ( have_gift = '1' ) LIMIT 1  
[2017-11-21 16:32:48] /index.php?m=index&a=index&m=search&a=index&keyword=%E7%89%9B%E6%A0%8F&gift=1 ( m=search&a=index ) 
ERR: Db Error: Unknown column 'have_gift' in 'where clause'
SELECT COUNT(*) AS nc_count FROM `kjyp_goods_common` WHERE ( (goods_name LIKE '%牛栏%') OR (goods_jingle LIKE '%牛栏%') ) AND ( have_gift = '1' ) LIMIT 1  
[2017-11-21 16:33:07] /index.php?m=index&a=index&m=search&a=index&keyword=%E7%BE%8E%E7%B4%A0&gift=1 ( m=search&a=index ) 
ERR: Db Error: Unknown column 'have_gift' in 'where clause'
SELECT COUNT(*) AS nc_count FROM `kjyp_goods_common` WHERE ( (goods_name LIKE '%美素%') OR (goods_jingle LIKE '%美素%') ) AND ( have_gift = '1' ) LIMIT 1  
[2017-11-21 16:33:16] /index.php?m=index&a=index&m=search&a=index&keyword=%E8%8A%B1%E7%8E%8B&gift=1 ( m=search&a=index ) 
ERR: Db Error: Unknown column 'have_gift' in 'where clause'
SELECT COUNT(*) AS nc_count FROM `kjyp_goods_common` WHERE ( (goods_name LIKE '%花王%') OR (goods_jingle LIKE '%花王%') ) AND ( have_gift = '1' ) LIMIT 1  
[2017-11-21 17:48:52] /admin@hsd/modules/wxshop/index.php?m=wxconfig ( m=wxconfig&a=index ) 
ERR: Db Error: Table 'admin_hotstaro2o.kjyp_wxch_config' doesn't exist
SELECT * FROM `kjyp_wxch_config` WHERE ( id = '1' ) LIMIT 1  
[2017-11-21 17:48:54] /admin@hsd/modules/wxshop/index.php?m=menu ( m=menu&a=index ) 
ERR: Db Error: Table 'admin_hotstaro2o.kjyp_wxch_menu' doesn't exist
SELECT * FROM `kjyp_wxch_menu` WHERE ( aid = '0' ) ORDER BY aid desc LIMIT 1000  
[2017-11-21 17:48:54] /admin@hsd/modules/wxshop/index.php?m=menu ( m=menu&a=index ) 
ERR: Db Error: Table 'admin_hotstaro2o.kjyp_wxch_menu' doesn't exist
SELECT * FROM `kjyp_wxch_menu` WHERE ( aid = '1' ) ORDER BY aid desc LIMIT 1000  
[2017-11-21 17:48:54] /admin@hsd/modules/wxshop/index.php?m=menu ( m=menu&a=index ) 
ERR: Db Error: Table 'admin_hotstaro2o.kjyp_wxch_menu' doesn't exist
SELECT * FROM `kjyp_wxch_menu` WHERE ( aid = '2' ) ORDER BY aid desc LIMIT 1000  
[2017-11-21 17:48:54] /admin@hsd/modules/wxshop/index.php?m=menu ( m=menu&a=index ) 
ERR: Db Error: Table 'admin_hotstaro2o.kjyp_wxch_menu' doesn't exist
SELECT * FROM `kjyp_wxch_menu` WHERE ( aid = '3' ) ORDER BY aid desc LIMIT 1000  
[2017-11-21 17:48:55] /admin@hsd/modules/wxshop/index.php?m=config ( m=config&a=index ) 
ERR: Db Error: Table 'admin_hotstaro2o.kjyp_wxch_cfg' doesn't exist
SELECT * FROM `kjyp_wxch_cfg` LIMIT 30  
[2017-11-21 17:48:58] /admin@hsd/modules/wxshop/index.php?m=oauth&a=get_xml ( m=oauth&a=get_xml ) 
ERR: Db Error: Table 'admin_hotstaro2o.kjyp_wxch_cfg' doesn't exist
SELECT * FROM `kjyp_wxch_cfg` WHERE ( cfg_name = 'baseurl' ) LIMIT 1  
[2017-11-21 17:48:58] /admin@hsd/modules/wxshop/index.php?m=oauth&a=get_xml ( m=oauth&a=get_xml ) 
ERR: Db Error: Table 'admin_hotstaro2o.kjyp_wxch_oauth' doesn't exist
SELECT COUNT(*) AS nc_count FROM `kjyp_wxch_oauth` LIMIT 1  
[2017-11-21 17:48:58] /admin@hsd/modules/wxshop/index.php?m=oauth&a=get_xml ( m=oauth&a=get_xml ) 
ERR: Db Error: Table 'admin_hotstaro2o.kjyp_wxch_oauth' doesn't exist
SELECT * FROM `kjyp_wxch_oauth` ORDER BY oid desc LIMIT 0,15  
