[2017-12-03 03:17:51] /index.php?m=index&a=index&m=search&a=index&keyword=%E7%88%B1%E4%BB%96%E7%BE%8E&area_id=31&gift=1 ( m=search&a=index ) 
ERR: Db Error: Unknown column 'have_gift' in 'where clause'
SELECT COUNT(*) AS nc_count FROM `kjyp_goods_common` WHERE ( (goods_name LIKE '%爱他美%') OR (goods_jingle LIKE '%爱他美%') ) AND ( areaid_1 = '31' ) AND ( have_gift = '1' ) LIMIT 1  
[2017-12-03 03:22:44] /index.php?m=index&a=index&m=search&a=index&keyword=%E7%88%B1%E4%BB%96%E7%BE%8E&area_id=28&gift=1 ( m=search&a=index ) 
ERR: Db Error: Unknown column 'have_gift' in 'where clause'
SELECT COUNT(*) AS nc_count FROM `kjyp_goods_common` WHERE ( (goods_name LIKE '%爱他美%') OR (goods_jingle LIKE '%爱他美%') ) AND ( areaid_1 = '28' ) AND ( have_gift = '1' ) LIMIT 1  
[2017-12-03 03:23:52] /index.php?m=index&a=index&m=search&a=index&keyword=%E7%88%B1%E4%BB%96%E7%BE%8E&area_id=19&gift=1 ( m=search&a=index ) 
ERR: Db Error: Unknown column 'have_gift' in 'where clause'
SELECT COUNT(*) AS nc_count FROM `kjyp_goods_common` WHERE ( (goods_name LIKE '%爱他美%') OR (goods_jingle LIKE '%爱他美%') ) AND ( areaid_1 = '19' ) AND ( have_gift = '1' ) LIMIT 1  
[2017-12-03 03:26:50] /index.php?m=index&a=index&m=search&a=index&keyword=%E7%88%B1%E4%BB%96%E7%BE%8E&area_id=1&gift=1 ( m=search&a=index ) 
ERR: Db Error: Unknown column 'have_gift' in 'where clause'
SELECT COUNT(*) AS nc_count FROM `kjyp_goods_common` WHERE ( (goods_name LIKE '%爱他美%') OR (goods_jingle LIKE '%爱他美%') ) AND ( areaid_1 = '1' ) AND ( have_gift = '1' ) LIMIT 1  
[2017-12-03 03:28:43] /index.php?m=index&a=index&m=search&a=index&keyword=%E7%88%B1%E4%BB%96%E7%BE%8E&area_id=24&gift=1 ( m=search&a=index ) 
ERR: Db Error: Unknown column 'have_gift' in 'where clause'
SELECT COUNT(*) AS nc_count FROM `kjyp_goods_common` WHERE ( (goods_name LIKE '%爱他美%') OR (goods_jingle LIKE '%爱他美%') ) AND ( areaid_1 = '24' ) AND ( have_gift = '1' ) LIMIT 1  
[2017-12-03 10:17:32] /index.php?m=index&a=index&m=search&a=index&keyword=%E7%88%B1%E4%BB%96%E7%BE%8E&gift=1 ( m=search&a=index ) 
ERR: Db Error: Unknown column 'have_gift' in 'where clause'
SELECT COUNT(*) AS nc_count FROM `kjyp_goods_common` WHERE ( (goods_name LIKE '%爱他美%') OR (goods_jingle LIKE '%爱他美%') ) AND ( have_gift = '1' ) LIMIT 1  
[2017-12-03 10:18:11] /index.php?m=index&a=index&m=search&a=index&keyword=%E7%89%9B%E6%A0%8F&gift=1 ( m=search&a=index ) 
ERR: Db Error: Unknown column 'have_gift' in 'where clause'
SELECT COUNT(*) AS nc_count FROM `kjyp_goods_common` WHERE ( (goods_name LIKE '%牛栏%') OR (goods_jingle LIKE '%牛栏%') ) AND ( have_gift = '1' ) LIMIT 1  
[2017-12-03 10:18:54] /index.php?m=index&a=index&m=search&a=index&keyword=%E7%BE%8E%E7%B4%A0&gift=1 ( m=search&a=index ) 
ERR: Db Error: Unknown column 'have_gift' in 'where clause'
SELECT COUNT(*) AS nc_count FROM `kjyp_goods_common` WHERE ( (goods_name LIKE '%美素%') OR (goods_jingle LIKE '%美素%') ) AND ( have_gift = '1' ) LIMIT 1  
[2017-12-03 10:19:18] /index.php?m=index&a=index&m=search&a=index&keyword=%E8%8A%B1%E7%8E%8B&gift=1 ( m=search&a=index ) 
ERR: Db Error: Unknown column 'have_gift' in 'where clause'
SELECT COUNT(*) AS nc_count FROM `kjyp_goods_common` WHERE ( (goods_name LIKE '%花王%') OR (goods_jingle LIKE '%花王%') ) AND ( have_gift = '1' ) LIMIT 1  
[2017-12-03 14:07:57] /index.php?m=index&a=index&m=search&a=index&keyword=%E7%89%9B%E6%A0%8F&area_id=3&gift=1 ( m=search&a=index ) 
ERR: Db Error: Unknown column 'have_gift' in 'where clause'
SELECT COUNT(*) AS nc_count FROM `kjyp_goods_common` WHERE ( (goods_name LIKE '%牛栏%') OR (goods_jingle LIKE '%牛栏%') ) AND ( areaid_1 = '3' ) AND ( have_gift = '1' ) LIMIT 1  
[2017-12-03 20:26:13] /index.php?m=index&a=index&m=search&a=index&keyword=%E7%89%9B%E6%A0%8F&area_id=4&gift=1 ( m=search&a=index ) 
ERR: Db Error: Unknown column 'have_gift' in 'where clause'
SELECT COUNT(*) AS nc_count FROM `kjyp_goods_common` WHERE ( (goods_name LIKE '%牛栏%') OR (goods_jingle LIKE '%牛栏%') ) AND ( areaid_1 = '4' ) AND ( have_gift = '1' ) LIMIT 1  
[2017-12-03 21:58:51] /index.php?m=index&a=index&m=search&a=index&keyword=%E7%89%9B%E6%A0%8F&area_id=13&gift=1 ( m=search&a=index ) 
ERR: Db Error: Unknown column 'have_gift' in 'where clause'
SELECT COUNT(*) AS nc_count FROM `kjyp_goods_common` WHERE ( (goods_name LIKE '%牛栏%') OR (goods_jingle LIKE '%牛栏%') ) AND ( areaid_1 = '13' ) AND ( have_gift = '1' ) LIMIT 1  
