[2017-12-01 01:18:48] /index.php?m=index&a=index&m=search&a=index&keyword=&gift=1&area_id=19 ( m=search&a=index ) 
ERR: Db Error: Unknown column 'have_gift' in 'where clause'
SELECT COUNT(*) AS nc_count FROM `kjyp_goods_common` WHERE ( areaid_1 = '19' ) AND ( have_gift = '1' ) LIMIT 1  
[2017-12-01 03:31:36] /index.php?m=index&a=index&m=search&a=index&keyword=%E8%8A%B1%E7%8E%8B&area_id=34&gift=1 ( m=search&a=index ) 
ERR: Db Error: Unknown column 'have_gift' in 'where clause'
SELECT COUNT(*) AS nc_count FROM `kjyp_goods_common` WHERE ( (goods_name LIKE '%花王%') OR (goods_jingle LIKE '%花王%') ) AND ( areaid_1 = '34' ) AND ( have_gift = '1' ) LIMIT 1  
[2017-12-01 06:34:07] /index.php?m=index&a=index&m=search&a=index&keyword=%E8%8A%B1%E7%8E%8B&gift=1&area_id=21 ( m=search&a=index ) 
ERR: Db Error: Unknown column 'have_gift' in 'where clause'
SELECT COUNT(*) AS nc_count FROM `kjyp_goods_common` WHERE ( (goods_name LIKE '%花王%') OR (goods_jingle LIKE '%花王%') ) AND ( areaid_1 = '21' ) AND ( have_gift = '1' ) LIMIT 1  
[2017-12-01 08:03:20] /index.php?m=index&a=index&m=search&a=index&keyword=%E7%88%B1%E4%BB%96%E7%BE%8E&gift=1 ( m=search&a=index ) 
ERR: Db Error: Unknown column 'have_gift' in 'where clause'
SELECT COUNT(*) AS nc_count FROM `kjyp_goods_common` WHERE ( (goods_name LIKE '%爱他美%') OR (goods_jingle LIKE '%爱他美%') ) AND ( have_gift = '1' ) LIMIT 1  
[2017-12-01 08:04:25] /index.php?m=index&a=index&m=search&a=index&keyword=%E7%89%9B%E6%A0%8F&gift=1 ( m=search&a=index ) 
ERR: Db Error: Unknown column 'have_gift' in 'where clause'
SELECT COUNT(*) AS nc_count FROM `kjyp_goods_common` WHERE ( (goods_name LIKE '%牛栏%') OR (goods_jingle LIKE '%牛栏%') ) AND ( have_gift = '1' ) LIMIT 1  
[2017-12-01 08:05:21] /index.php?m=index&a=index&m=search&a=index&keyword=%E7%BE%8E%E7%B4%A0&gift=1 ( m=search&a=index ) 
ERR: Db Error: Unknown column 'have_gift' in 'where clause'
SELECT COUNT(*) AS nc_count FROM `kjyp_goods_common` WHERE ( (goods_name LIKE '%美素%') OR (goods_jingle LIKE '%美素%') ) AND ( have_gift = '1' ) LIMIT 1  
[2017-12-01 08:05:47] /index.php?m=index&a=index&m=search&a=index&keyword=%E8%8A%B1%E7%8E%8B&gift=1 ( m=search&a=index ) 
ERR: Db Error: Unknown column 'have_gift' in 'where clause'
SELECT COUNT(*) AS nc_count FROM `kjyp_goods_common` WHERE ( (goods_name LIKE '%花王%') OR (goods_jingle LIKE '%花王%') ) AND ( have_gift = '1' ) LIMIT 1  
[2017-12-01 08:40:24] /index.php?m=index&a=index&m=search&a=index&keyword=%E7%88%B1%E4%BB%96%E7%BE%8E&gift=1&area_id=29 ( m=search&a=index ) 
ERR: Db Error: Unknown column 'have_gift' in 'where clause'
SELECT COUNT(*) AS nc_count FROM `kjyp_goods_common` WHERE ( (goods_name LIKE '%爱他美%') OR (goods_jingle LIKE '%爱他美%') ) AND ( areaid_1 = '29' ) AND ( have_gift = '1' ) LIMIT 1  
[2017-12-01 08:50:35] /index.php?m=index&a=index&m=search&a=index&keyword=%E8%8A%B1%E7%8E%8B&gift=1&area_id=22 ( m=search&a=index ) 
ERR: Db Error: Unknown column 'have_gift' in 'where clause'
SELECT COUNT(*) AS nc_count FROM `kjyp_goods_common` WHERE ( (goods_name LIKE '%花王%') OR (goods_jingle LIKE '%花王%') ) AND ( areaid_1 = '22' ) AND ( have_gift = '1' ) LIMIT 1  
[2017-12-01 08:50:36] /index.php?m=index&a=index&m=search&a=index&keyword=%E8%8A%B1%E7%8E%8B&gift=1&area_id=22 ( m=search&a=index ) 
ERR: Db Error: Unknown column 'have_gift' in 'where clause'
SELECT COUNT(*) AS nc_count FROM `kjyp_goods_common` WHERE ( (goods_name LIKE '%花王%') OR (goods_jingle LIKE '%花王%') ) AND ( areaid_1 = '22' ) AND ( have_gift = '1' ) LIMIT 1  
[2017-12-01 08:55:35] /index.php?m=index&a=index&m=search&a=index&keyword=%E7%89%9B%E6%A0%8F&gift=1&area_id=11 ( m=search&a=index ) 
ERR: Db Error: Unknown column 'have_gift' in 'where clause'
SELECT COUNT(*) AS nc_count FROM `kjyp_goods_common` WHERE ( (goods_name LIKE '%牛栏%') OR (goods_jingle LIKE '%牛栏%') ) AND ( areaid_1 = '11' ) AND ( have_gift = '1' ) LIMIT 1  
[2017-12-01 09:36:15] /index.php?m=index&a=index&m=search&a=index&keyword=&gift=1&area_id=27 ( m=search&a=index ) 
ERR: Db Error: Unknown column 'have_gift' in 'where clause'
SELECT COUNT(*) AS nc_count FROM `kjyp_goods_common` WHERE ( areaid_1 = '27' ) AND ( have_gift = '1' ) LIMIT 1  
[2017-12-01 10:25:29] /index.php?m=index&a=index&m=search&a=index&keyword=%E7%89%9B%E6%A0%8F&gift=1&area_id=7 ( m=search&a=index ) 
ERR: Db Error: Unknown column 'have_gift' in 'where clause'
SELECT COUNT(*) AS nc_count FROM `kjyp_goods_common` WHERE ( (goods_name LIKE '%牛栏%') OR (goods_jingle LIKE '%牛栏%') ) AND ( areaid_1 = '7' ) AND ( have_gift = '1' ) LIMIT 1  
[2017-12-01 10:29:35] /index.php?m=index&a=index&m=search&a=index&keyword=%E8%8A%B1%E7%8E%8B&area_id=34&order=0&key=0&gift=1 ( m=search&a=index ) 
ERR: Db Error: Unknown column 'have_gift' in 'where clause'
SELECT COUNT(*) AS nc_count FROM `kjyp_goods_common` WHERE ( (goods_name LIKE '%花王%') OR (goods_jingle LIKE '%花王%') ) AND ( areaid_1 = '34' ) AND ( have_gift = '1' ) LIMIT 1  
[2017-12-01 12:52:19] /index.php?m=index&a=index&m=search&a=index&keyword=%E7%BE%8E%E7%B4%A0&gift=1&area_id=31 ( m=search&a=index ) 
ERR: Db Error: Unknown column 'have_gift' in 'where clause'
SELECT COUNT(*) AS nc_count FROM `kjyp_goods_common` WHERE ( (goods_name LIKE '%美素%') OR (goods_jingle LIKE '%美素%') ) AND ( areaid_1 = '31' ) AND ( have_gift = '1' ) LIMIT 1  
[2017-12-01 13:25:43] /index.php?m=index&a=index&m=search&a=index&keyword=%E7%BE%8E%E7%B4%A0&area_id=26&gift=1 ( m=search&a=index ) 
ERR: Db Error: Unknown column 'have_gift' in 'where clause'
SELECT COUNT(*) AS nc_count FROM `kjyp_goods_common` WHERE ( (goods_name LIKE '%美素%') OR (goods_jingle LIKE '%美素%') ) AND ( areaid_1 = '26' ) AND ( have_gift = '1' ) LIMIT 1  
[2017-12-01 13:27:55] /index.php?m=index&a=index&m=search&a=index&keyword=%E7%88%B1%E4%BB%96%E7%BE%8E&gift=1&area_id=28 ( m=search&a=index ) 
ERR: Db Error: Unknown column 'have_gift' in 'where clause'
SELECT COUNT(*) AS nc_count FROM `kjyp_goods_common` WHERE ( (goods_name LIKE '%爱他美%') OR (goods_jingle LIKE '%爱他美%') ) AND ( areaid_1 = '28' ) AND ( have_gift = '1' ) LIMIT 1  
[2017-12-01 14:47:29] /index.php?m=s_logout&a=logout ( m=s_logout&a=logout ) 
ERR: Db Error: Column 'log_seller_id' cannot be null
INSERT  INTO `kjyp_seller_log` (log_content,log_time,log_seller_id,log_seller_name,log_store_id,log_seller_ip,log_url,log_state) VALUES ('注销成功','1512110849',NULL,NULL,NULL,'123.144.116.147','s_logout&logout','1')
[2017-12-01 14:47:40] /index.php?m=s_logout&a=logout ( m=s_logout&a=logout ) 
ERR: Db Error: Column 'log_seller_id' cannot be null
INSERT  INTO `kjyp_seller_log` (log_content,log_time,log_seller_id,log_seller_name,log_store_id,log_seller_ip,log_url,log_state) VALUES ('注销成功','1512110860',NULL,NULL,NULL,'61.151.218.118','s_logout&logout','1')
[2017-12-01 15:27:58] /index.php?m=getdata ( m=getdata&a=index ) 
ERR: Db Error: Column 'order_sn' cannot be null
INSERT  INTO `kjyp_hgmessage` (order_sn,messagecode,messagememo,msg_time) VALUES (NULL,NULL,NULL,'1512113278')
[2017-12-01 15:28:03] /index.php?m=getdata ( m=getdata&a=index ) 
ERR: Db Error: Column 'order_sn' cannot be null
INSERT  INTO `kjyp_hgmessage` (order_sn,messagecode,messagememo,msg_time) VALUES (NULL,NULL,NULL,'1512113283')
[2017-12-01 15:28:03] /index.php?m=getdata ( m=getdata&a=index ) 
ERR: Db Error: Column 'order_sn' cannot be null
INSERT  INTO `kjyp_hgmessage` (order_sn,messagecode,messagememo,msg_time) VALUES (NULL,NULL,NULL,'1512113283')
[2017-12-01 15:28:03] /index.php?m=getdata ( m=getdata&a=index ) 
ERR: Db Error: Column 'order_sn' cannot be null
INSERT  INTO `kjyp_hgmessage` (order_sn,messagecode,messagememo,msg_time) VALUES (NULL,NULL,NULL,'1512113283')
[2017-12-01 15:28:03] /index.php?m=getdata ( m=getdata&a=index ) 
ERR: Db Error: Column 'order_sn' cannot be null
INSERT  INTO `kjyp_hgmessage` (order_sn,messagecode,messagememo,msg_time) VALUES (NULL,NULL,NULL,'1512113283')
[2017-12-01 15:28:03] /index.php?m=getdata ( m=getdata&a=index ) 
ERR: Db Error: Column 'order_sn' cannot be null
INSERT  INTO `kjyp_hgmessage` (order_sn,messagecode,messagememo,msg_time) VALUES (NULL,NULL,NULL,'1512113283')
[2017-12-01 15:28:03] /index.php?m=getdata ( m=getdata&a=index ) 
ERR: Db Error: Column 'order_sn' cannot be null
INSERT  INTO `kjyp_hgmessage` (order_sn,messagecode,messagememo,msg_time) VALUES (NULL,NULL,NULL,'1512113283')
[2017-12-01 15:28:03] /index.php?m=getdata ( m=getdata&a=index ) 
ERR: Db Error: Column 'order_sn' cannot be null
INSERT  INTO `kjyp_hgmessage` (order_sn,messagecode,messagememo,msg_time) VALUES (NULL,NULL,NULL,'1512113283')
[2017-12-01 16:43:24] /index.php?m=store_order&a=index&state_type=state_new&curpage=5 ( m=store_order&a=index ) 
ERR: Db Error: You have an error in your SQL syntax; check the manual that corresponds to your MariaDB server version for the right syntax to use near '-10,10' at line 1
SELECT * FROM `kjyp_orders` WHERE ( store_id = NULL ) AND ( order_state = '10' ) AND ( chain_code = '0' ) ORDER BY order_id desc LIMIT -10,10  
[2017-12-01 16:52:25] /index.php?m=store_order&a=index&curpage=3 ( m=store_order&a=index ) 
ERR: Db Error: You have an error in your SQL syntax; check the manual that corresponds to your MariaDB server version for the right syntax to use near '-10,10' at line 1
SELECT * FROM `kjyp_orders` WHERE ( store_id = NULL ) ORDER BY order_id desc LIMIT -10,10  
[2017-12-01 19:44:38] /index.php?m=index&a=index&m=search&a=index&keyword=%E8%8A%B1%E7%8E%8B&gift=1&area_id=22&key=3&order=2 ( m=search&a=index ) 
ERR: Db Error: Unknown column 'have_gift' in 'where clause'
SELECT COUNT(*) AS nc_count FROM `kjyp_goods_common` WHERE ( (goods_name LIKE '%花王%') OR (goods_jingle LIKE '%花王%') ) AND ( areaid_1 = '22' ) AND ( have_gift = '1' ) LIMIT 1  
[2017-12-01 21:00:25] /index.php?m=index&a=index&m=search&a=index&keyword=%E8%8A%B1%E7%8E%8B&gift=1&area_id=28 ( m=search&a=index ) 
ERR: Db Error: Unknown column 'have_gift' in 'where clause'
SELECT COUNT(*) AS nc_count FROM `kjyp_goods_common` WHERE ( (goods_name LIKE '%花王%') OR (goods_jingle LIKE '%花王%') ) AND ( areaid_1 = '28' ) AND ( have_gift = '1' ) LIMIT 1  
[2017-12-01 22:16:12] /index.php?m=index&a=index&m=search&a=index&keyword=%E8%8A%B1%E7%8E%8B&gift=1&area_id=22&key=1&order=2 ( m=search&a=index ) 
ERR: Db Error: Unknown column 'have_gift' in 'where clause'
SELECT COUNT(*) AS nc_count FROM `kjyp_goods_common` WHERE ( (goods_name LIKE '%花王%') OR (goods_jingle LIKE '%花王%') ) AND ( areaid_1 = '22' ) AND ( have_gift = '1' ) LIMIT 1  
[2017-12-01 23:33:29] /index.php?m=index&a=index&m=search&a=index&keyword=%E8%8A%B1%E7%8E%8B&gift=1&area_id=22&key=2&order=2 ( m=search&a=index ) 
ERR: Db Error: Unknown column 'have_gift' in 'where clause'
SELECT COUNT(*) AS nc_count FROM `kjyp_goods_common` WHERE ( (goods_name LIKE '%花王%') OR (goods_jingle LIKE '%花王%') ) AND ( areaid_1 = '22' ) AND ( have_gift = '1' ) LIMIT 1  
