[2017-11-30 07:17:54] /index.php?m=index&a=index&m=search&a=index&keyword=%E7%88%B1%E4%BB%96%E7%BE%8E&gift=1 ( m=search&a=index ) 
ERR: Db Error: Unknown column 'have_gift' in 'where clause'
SELECT COUNT(*) AS nc_count FROM `kjyp_goods_common` WHERE ( (goods_name LIKE '%爱他美%') OR (goods_jingle LIKE '%爱他美%') ) AND ( have_gift = '1' ) LIMIT 1  
[2017-11-30 07:18:57] /index.php?m=index&a=index&m=search&a=index&keyword=%E7%89%9B%E6%A0%8F&gift=1 ( m=search&a=index ) 
ERR: Db Error: Unknown column 'have_gift' in 'where clause'
SELECT COUNT(*) AS nc_count FROM `kjyp_goods_common` WHERE ( (goods_name LIKE '%牛栏%') OR (goods_jingle LIKE '%牛栏%') ) AND ( have_gift = '1' ) LIMIT 1  
[2017-11-30 07:20:09] /index.php?m=index&a=index&m=search&a=index&keyword=%E7%BE%8E%E7%B4%A0&gift=1 ( m=search&a=index ) 
ERR: Db Error: Unknown column 'have_gift' in 'where clause'
SELECT COUNT(*) AS nc_count FROM `kjyp_goods_common` WHERE ( (goods_name LIKE '%美素%') OR (goods_jingle LIKE '%美素%') ) AND ( have_gift = '1' ) LIMIT 1  
[2017-11-30 07:20:56] /index.php?m=index&a=index&m=search&a=index&keyword=%E8%8A%B1%E7%8E%8B&gift=1 ( m=search&a=index ) 
ERR: Db Error: Unknown column 'have_gift' in 'where clause'
SELECT COUNT(*) AS nc_count FROM `kjyp_goods_common` WHERE ( (goods_name LIKE '%花王%') OR (goods_jingle LIKE '%花王%') ) AND ( have_gift = '1' ) LIMIT 1  
[2017-11-30 11:37:24] /index.php?m=index&a=index&m=search&a=index&cate_id=263&gift=1 ( m=search&a=index ) 
ERR: Db Error: Unknown column 'have_gift' in 'where clause'
SELECT COUNT(*) AS nc_count FROM `kjyp_goods_common` WHERE ( gc_id_2 = '263' ) AND ( have_gift = '1' ) LIMIT 1  
[2017-11-30 14:03:09] /index.php?m=store_order&a=index&state_type=state_new&curpage=2 ( m=store_order&a=index ) 
ERR: Db Error: You have an error in your SQL syntax; check the manual that corresponds to your MariaDB server version for the right syntax to use near '-10,10' at line 1
SELECT * FROM `kjyp_orders` WHERE ( store_id = NULL ) AND ( order_state = '10' ) AND ( chain_code = '0' ) ORDER BY order_id desc LIMIT -10,10  
[2017-11-30 17:33:53] /admin@hsd/modules/shop/index.php?m=store&a=shopwwi_add ( m=store&a=shopwwi_add ) 
ERR: Db Error: Duplicate entry '9' for key 'PRIMARY'
INSERT  INTO `kjyp_member_common` (member_id) VALUES ('9')
[2017-11-30 17:33:53] /admin@hsd/modules/shop/index.php?m=store&a=shopwwi_add ( m=store&a=shopwwi_add ) 
ERR: Db Error: You have an error in your SQL syntax; check the manual that corresponds to your MariaDB server version for the right syntax to use near ''KPK','HPK','1','1','1512034433','0')' at line 1
INSERT  INTO `kjyp_store` (store_name,member_id,member_name,seller_name,bind_all_gc,store_state,store_time,is_own_shop) VALUES ('HPK',,'KPK','HPK','1','1','1512034433','0')
[2017-11-30 17:33:53] /admin@hsd/modules/shop/index.php?m=store&a=shopwwi_add ( m=store&a=shopwwi_add ) 
ERR: Db Error: You have an error in your SQL syntax; check the manual that corresponds to your MariaDB server version for the right syntax to use near ','0','1')' at line 1
INSERT  INTO `kjyp_seller` (seller_name,member_id,store_id,seller_group_id,is_admin) VALUES ('HPK',,,'0','1')
[2017-11-30 17:33:53] /admin@hsd/modules/shop/index.php?m=store&a=shopwwi_add ( m=store&a=shopwwi_add ) 
ERR: Db Error: You have an error in your SQL syntax; check the manual that corresponds to your MariaDB server version for the right syntax to use near ''40','0','0','1')' at line 1
INSERT  INTO `kjyp_store_joinin` (seller_name,store_name,member_name,member_id,joinin_state,company_province_id,sc_bail,joinin_year) VALUES ('HPK','HPK','KPK',,'40','0','0','1')
[2017-11-30 17:33:53] /admin@hsd/modules/shop/index.php?m=store&a=shopwwi_add ( m=store&a=shopwwi_add ) 
ERR: Db Error: Column count doesn't match value count at row 1
INSERT  INTO `kjyp_store_extend` (store_id) VALUES ()
