[2017-12-19 16:31:40] /hsd/admin@hsd/modules/shop/index.php?m=order_import&a=order_import_save ( m=order_import&a=order_import_save ) 
ERR: Db Error: Column 'order_remark' cannot be null
INSERT  INTO `kjyp_orders` (order_sn,external_order,pay_sn,store_id,store_name,buyer_id,buyer_name,buyer_email,add_time,payment_code,order_state,order_amount,shipping_fee,order_tax,goods_amount,order_from,member_idcard,store_storage_id,order_remark) VALUES ('2017121916314087079','GYS20171219867577','450567016300984006','3','倍赞店铺','6','15905589118','admin@qq.com','1513672299','online','10','870','0','92.52','777.48','99','341225199012010117','-1',NULL)
[2017-12-19 16:31:41] /hsd/admin@hsd/modules/shop/index.php?m=order_import&a=order_import_save ( m=order_import&a=order_import_save ) 
ERR: Db Error: Column 'order_remark' cannot be null
INSERT  INTO `kjyp_orders` (order_sn,external_order,pay_sn,store_id,store_name,buyer_id,buyer_name,buyer_email,add_time,payment_code,order_state,order_amount,shipping_fee,order_tax,goods_amount,order_from,member_idcard,store_storage_id,order_remark) VALUES ('2017121916314118212','GYS20171218730686','710567016301016006','3','倍赞店铺','6','13197029873','admin@qq.com','1513672299','online','10','640','0','68.06','571.94','99','420583199212022226','-1',NULL)
[2017-12-19 16:31:41] /hsd/admin@hsd/modules/shop/index.php?m=order_import&a=order_import_save ( m=order_import&a=order_import_save ) 
ERR: Db Error: Column 'order_remark' cannot be null
INSERT  INTO `kjyp_orders` (order_sn,external_order,pay_sn,store_id,store_name,buyer_id,buyer_name,buyer_email,add_time,payment_code,order_state,order_amount,shipping_fee,order_tax,goods_amount,order_from,member_idcard,store_storage_id,order_remark) VALUES ('2017121916314149248','GYS20171218717269','570567016301042006','3','倍赞店铺','6','15855436163','admin@qq.com','1513672299','online','10','780','0','82.95','697.05','99','340403198306092215','6',NULL)
[2017-12-19 16:31:41] /hsd/admin@hsd/modules/shop/index.php?m=order_import&a=order_import_save ( m=order_import&a=order_import_save ) 
ERR: Db Error: Column 'order_remark' cannot be null
INSERT  INTO `kjyp_orders` (order_sn,external_order,pay_sn,store_id,store_name,buyer_id,buyer_name,buyer_email,add_time,payment_code,order_state,order_amount,shipping_fee,order_tax,goods_amount,order_from,member_idcard,store_storage_id,order_remark) VALUES ('2017121916314141861','6923493676359452093sp2','480567016301067006','3','倍赞店铺','6','13679420096','admin@qq.com','1513672299','online','10','290','0','30.84','259.16','99','620123198711081321','-1',NULL)
[2017-12-19 16:31:41] /hsd/admin@hsd/modules/shop/index.php?m=order_import&a=order_import_save ( m=order_import&a=order_import_save ) 
ERR: Db Error: Column 'order_remark' cannot be null
INSERT  INTO `kjyp_orders` (order_sn,external_order,pay_sn,store_id,store_name,buyer_id,buyer_name,buyer_email,add_time,payment_code,order_state,order_amount,shipping_fee,order_tax,goods_amount,order_from,member_idcard,store_storage_id,order_remark) VALUES ('2017121916314196443','6924361767381444685sp2','840567016301092006','3','倍赞店铺','6','18805954333','admin@qq.com','1513672299','online','10','290','0','30.84','259.16','99','350524198705084035','-1',NULL)
[2017-12-19 16:31:41] /hsd/admin@hsd/modules/shop/index.php?m=order_import&a=order_import_save ( m=order_import&a=order_import_save ) 
ERR: Db Error: Column 'order_remark' cannot be null
INSERT  INTO `kjyp_orders` (order_sn,external_order,pay_sn,store_id,store_name,buyer_id,buyer_name,buyer_email,add_time,payment_code,order_state,order_amount,shipping_fee,order_tax,goods_amount,order_from,member_idcard,store_storage_id,order_remark) VALUES ('2017121916314122238','6919062920434390713sp2','180567016301117006','3','倍赞店铺','6','13977842099','admin@qq.com','1513672299','online','10','290','0','30.84','259.16','99','452730198803073819','-1',NULL)
[2017-12-19 16:31:41] /hsd/admin@hsd/modules/shop/index.php?m=order_import&a=order_import_save ( m=order_import&a=order_import_save ) 
ERR: Db Error: Column 'order_remark' cannot be null
INSERT  INTO `kjyp_orders` (order_sn,external_order,pay_sn,store_id,store_name,buyer_id,buyer_name,buyer_email,add_time,payment_code,order_state,order_amount,shipping_fee,order_tax,goods_amount,order_from,member_idcard,store_storage_id,order_remark) VALUES ('2017121916314171373','20171219111sp2','930567016301144006','3','倍赞店铺','6','13663089435','admin@qq.com','1513672299','online','10','870','0','92.52','777.48','99','410923199002155518','-1',NULL)
[2017-12-19 16:31:41] /hsd/admin@hsd/modules/shop/index.php?m=order_import&a=order_import_save ( m=order_import&a=order_import_save ) 
ERR: Db Error: Column 'order_remark' cannot be null
INSERT  INTO `kjyp_orders` (order_sn,external_order,pay_sn,store_id,store_name,buyer_id,buyer_name,buyer_email,add_time,payment_code,order_state,order_amount,shipping_fee,order_tax,goods_amount,order_from,member_idcard,store_storage_id,order_remark) VALUES ('2017121916314158995','6922995084645451497sp2','250567016301169006','3','倍赞店铺','6','18143779167','admin@qq.com','1513672299','online','10','260','0','27.65','232.35','99','622727198803168010','6',NULL)
[2017-12-19 16:31:41] /hsd/admin@hsd/modules/shop/index.php?m=order_import&a=order_import_save ( m=order_import&a=order_import_save ) 
ERR: Db Error: Column 'order_remark' cannot be null
INSERT  INTO `kjyp_orders` (order_sn,external_order,pay_sn,store_id,store_name,buyer_id,buyer_name,buyer_email,add_time,payment_code,order_state,order_amount,shipping_fee,order_tax,goods_amount,order_from,member_idcard,store_storage_id,order_remark) VALUES ('2017121916314180634','6920625794441108478sp2','710567016301194006','3','倍赞店铺','6','15983408616','admin@qq.com','1513672299','online','10','290','0','30.84','259.16','99','513434198805192527','-1',NULL)
[2017-12-19 16:31:41] /hsd/admin@hsd/modules/shop/index.php?m=order_import&a=order_import_save ( m=order_import&a=order_import_save ) 
ERR: Db Error: Column 'order_remark' cannot be null
INSERT  INTO `kjyp_orders` (order_sn,external_order,pay_sn,store_id,store_name,buyer_id,buyer_name,buyer_email,add_time,payment_code,order_state,order_amount,shipping_fee,order_tax,goods_amount,order_from,member_idcard,store_storage_id,order_remark) VALUES ('2017121916314137895','6921417952051955936sp2','160567016301221006','3','倍赞店铺','6','13925226513','admin@qq.com','1513672299','online','10','290','0','30.84','259.16','99','430702198101290025','-1',NULL)
[2017-12-19 16:32:14] /hsd/admin@hsd/modules/shop/index.php?m=order_import&a=order_import_save ( m=order_import&a=order_import_save ) 
ERR: Db Error: Column 'order_remark' cannot be null
INSERT  INTO `kjyp_orders` (order_sn,external_order,pay_sn,store_id,store_name,buyer_id,buyer_name,buyer_email,add_time,payment_code,order_state,order_amount,shipping_fee,order_tax,goods_amount,order_from,member_idcard,store_storage_id,order_remark) VALUES ('2017121916321495716','GYS20171219867577','570567016334347006','3','倍赞店铺','6','15905589118','admin@qq.com','1513672333','online','10','870','0','92.52','777.48','99','341225199012010117','-1',NULL)
[2017-12-19 16:32:14] /hsd/admin@hsd/modules/shop/index.php?m=order_import&a=order_import_save ( m=order_import&a=order_import_save ) 
ERR: Db Error: Column 'order_remark' cannot be null
INSERT  INTO `kjyp_orders` (order_sn,external_order,pay_sn,store_id,store_name,buyer_id,buyer_name,buyer_email,add_time,payment_code,order_state,order_amount,shipping_fee,order_tax,goods_amount,order_from,member_idcard,store_storage_id,order_remark) VALUES ('2017121916321492995','GYS20171218730686','360567016334381006','3','倍赞店铺','6','13197029873','admin@qq.com','1513672333','online','10','640','0','68.06','571.94','99','420583199212022226','-1',NULL)
[2017-12-19 16:32:14] /hsd/admin@hsd/modules/shop/index.php?m=order_import&a=order_import_save ( m=order_import&a=order_import_save ) 
ERR: Db Error: Column 'order_remark' cannot be null
INSERT  INTO `kjyp_orders` (order_sn,external_order,pay_sn,store_id,store_name,buyer_id,buyer_name,buyer_email,add_time,payment_code,order_state,order_amount,shipping_fee,order_tax,goods_amount,order_from,member_idcard,store_storage_id,order_remark) VALUES ('2017121916321445038','GYS20171218717269','280567016334407006','3','倍赞店铺','6','15855436163','admin@qq.com','1513672333','online','10','780','0','82.95','697.05','99','340403198306092215','6',NULL)
[2017-12-19 16:32:14] /hsd/admin@hsd/modules/shop/index.php?m=order_import&a=order_import_save ( m=order_import&a=order_import_save ) 
ERR: Db Error: Column 'order_remark' cannot be null
INSERT  INTO `kjyp_orders` (order_sn,external_order,pay_sn,store_id,store_name,buyer_id,buyer_name,buyer_email,add_time,payment_code,order_state,order_amount,shipping_fee,order_tax,goods_amount,order_from,member_idcard,store_storage_id,order_remark) VALUES ('2017121916321449631','6923493676359452093sp2','950567016334436006','3','倍赞店铺','6','13679420096','admin@qq.com','1513672333','online','10','290','0','30.84','259.16','99','620123198711081321','-1',NULL)
[2017-12-19 16:32:14] /hsd/admin@hsd/modules/shop/index.php?m=order_import&a=order_import_save ( m=order_import&a=order_import_save ) 
ERR: Db Error: Column 'order_remark' cannot be null
INSERT  INTO `kjyp_orders` (order_sn,external_order,pay_sn,store_id,store_name,buyer_id,buyer_name,buyer_email,add_time,payment_code,order_state,order_amount,shipping_fee,order_tax,goods_amount,order_from,member_idcard,store_storage_id,order_remark) VALUES ('2017121916321476608','6924361767381444685sp2','980567016334464006','3','倍赞店铺','6','18805954333','admin@qq.com','1513672333','online','10','290','0','30.84','259.16','99','350524198705084035','-1',NULL)
[2017-12-19 16:32:14] /hsd/admin@hsd/modules/shop/index.php?m=order_import&a=order_import_save ( m=order_import&a=order_import_save ) 
ERR: Db Error: Column 'order_remark' cannot be null
INSERT  INTO `kjyp_orders` (order_sn,external_order,pay_sn,store_id,store_name,buyer_id,buyer_name,buyer_email,add_time,payment_code,order_state,order_amount,shipping_fee,order_tax,goods_amount,order_from,member_idcard,store_storage_id,order_remark) VALUES ('2017121916321415771','6919062920434390713sp2','790567016334490006','3','倍赞店铺','6','13977842099','admin@qq.com','1513672333','online','10','290','0','30.84','259.16','99','452730198803073819','-1',NULL)
[2017-12-19 16:32:14] /hsd/admin@hsd/modules/shop/index.php?m=order_import&a=order_import_save ( m=order_import&a=order_import_save ) 
ERR: Db Error: Column 'order_remark' cannot be null
INSERT  INTO `kjyp_orders` (order_sn,external_order,pay_sn,store_id,store_name,buyer_id,buyer_name,buyer_email,add_time,payment_code,order_state,order_amount,shipping_fee,order_tax,goods_amount,order_from,member_idcard,store_storage_id,order_remark) VALUES ('2017121916321499801','20171219111sp2','950567016334517006','3','倍赞店铺','6','13663089435','admin@qq.com','1513672333','online','10','870','0','92.52','777.48','99','410923199002155518','-1',NULL)
[2017-12-19 16:32:14] /hsd/admin@hsd/modules/shop/index.php?m=order_import&a=order_import_save ( m=order_import&a=order_import_save ) 
ERR: Db Error: Column 'order_remark' cannot be null
INSERT  INTO `kjyp_orders` (order_sn,external_order,pay_sn,store_id,store_name,buyer_id,buyer_name,buyer_email,add_time,payment_code,order_state,order_amount,shipping_fee,order_tax,goods_amount,order_from,member_idcard,store_storage_id,order_remark) VALUES ('2017121916321468847','6922995084645451497sp2','810567016334542006','3','倍赞店铺','6','18143779167','admin@qq.com','1513672333','online','10','260','0','27.65','232.35','99','622727198803168010','6',NULL)
[2017-12-19 16:32:14] /hsd/admin@hsd/modules/shop/index.php?m=order_import&a=order_import_save ( m=order_import&a=order_import_save ) 
ERR: Db Error: Column 'order_remark' cannot be null
INSERT  INTO `kjyp_orders` (order_sn,external_order,pay_sn,store_id,store_name,buyer_id,buyer_name,buyer_email,add_time,payment_code,order_state,order_amount,shipping_fee,order_tax,goods_amount,order_from,member_idcard,store_storage_id,order_remark) VALUES ('2017121916321421215','6920625794441108478sp2','120567016334567006','3','倍赞店铺','6','15983408616','admin@qq.com','1513672333','online','10','290','0','30.84','259.16','99','513434198805192527','-1',NULL)
[2017-12-19 16:32:14] /hsd/admin@hsd/modules/shop/index.php?m=order_import&a=order_import_save ( m=order_import&a=order_import_save ) 
ERR: Db Error: Column 'order_remark' cannot be null
INSERT  INTO `kjyp_orders` (order_sn,external_order,pay_sn,store_id,store_name,buyer_id,buyer_name,buyer_email,add_time,payment_code,order_state,order_amount,shipping_fee,order_tax,goods_amount,order_from,member_idcard,store_storage_id,order_remark) VALUES ('2017121916321472401','6921417952051955936sp2','810567016334594006','3','倍赞店铺','6','13925226513','admin@qq.com','1513672333','online','10','290','0','30.84','259.16','99','430702198101290025','-1',NULL)
[2017-12-19 16:33:02] /hsd/admin@hsd/modules/shop/index.php?m=order_import&a=order_import_save ( m=order_import&a=order_import_save ) 
ERR: Db Error: Duplicate entry '1158' for key 'PRIMARY'
INSERT  INTO `kjyp_order_common` (order_id,store_id,order_message,reciver_info,reciver_name,shipping_express_id,reciver_province_id) VALUES ('1158','3','','a:7:{s:5:\"phone\";s:11:\"15905589118\";s:9:\"mob_phone\";s:11:\"15905589118\";s:9:\"tel_phone\";s:11:\"15905589118\";s:7:\"address\";s:71:\"安徽省 阜阳市 颍州区 安徽省阜阳文峰路14号碟海文化\";s:4:\"area\";s:29:\"安徽省 阜阳市 颍州区\";s:6:\"street\";s:41:\"安徽省阜阳文峰路14号碟海文化\";s:13:\"member_idcard\";s:18:\"341225199012010117\";}','王冬松','40','0')
[2017-12-19 16:33:02] /hsd/admin@hsd/modules/shop/index.php?m=order_import&a=order_import_save ( m=order_import&a=order_import_save ) 
ERR: Db Error: Column 'order_remark' cannot be null
INSERT  INTO `kjyp_orders` (order_sn,external_order,pay_sn,store_id,store_name,buyer_id,buyer_name,buyer_email,add_time,payment_code,order_state,order_amount,shipping_fee,order_tax,goods_amount,order_from,member_idcard,store_storage_id,order_remark) VALUES ('2017121916330242778','GYS20171218730686','640567016382184006','3','倍赞店铺','6','13197029873','admin@qq.com','1513672381','online','10','640','0','68.06','571.94','99','420583199212022226','-1',NULL)
[2017-12-19 16:33:02] /hsd/admin@hsd/modules/shop/index.php?m=order_import&a=order_import_save ( m=order_import&a=order_import_save ) 
ERR: Db Error: Column 'order_remark' cannot be null
INSERT  INTO `kjyp_orders` (order_sn,external_order,pay_sn,store_id,store_name,buyer_id,buyer_name,buyer_email,add_time,payment_code,order_state,order_amount,shipping_fee,order_tax,goods_amount,order_from,member_idcard,store_storage_id,order_remark) VALUES ('2017121916330215828','GYS20171218717269','450567016382211006','3','倍赞店铺','6','15855436163','admin@qq.com','1513672381','online','10','780','0','82.95','697.05','99','340403198306092215','6',NULL)
[2017-12-19 16:33:02] /hsd/admin@hsd/modules/shop/index.php?m=order_import&a=order_import_save ( m=order_import&a=order_import_save ) 
ERR: Db Error: Column 'order_remark' cannot be null
INSERT  INTO `kjyp_orders` (order_sn,external_order,pay_sn,store_id,store_name,buyer_id,buyer_name,buyer_email,add_time,payment_code,order_state,order_amount,shipping_fee,order_tax,goods_amount,order_from,member_idcard,store_storage_id,order_remark) VALUES ('2017121916330287955','6923493676359452093sp2','510567016382237006','3','倍赞店铺','6','13679420096','admin@qq.com','1513672381','online','10','290','0','30.84','259.16','99','620123198711081321','-1',NULL)
[2017-12-19 16:33:02] /hsd/admin@hsd/modules/shop/index.php?m=order_import&a=order_import_save ( m=order_import&a=order_import_save ) 
ERR: Db Error: Column 'order_remark' cannot be null
INSERT  INTO `kjyp_orders` (order_sn,external_order,pay_sn,store_id,store_name,buyer_id,buyer_name,buyer_email,add_time,payment_code,order_state,order_amount,shipping_fee,order_tax,goods_amount,order_from,member_idcard,store_storage_id,order_remark) VALUES ('2017121916330298440','6924361767381444685sp2','630567016382262006','3','倍赞店铺','6','18805954333','admin@qq.com','1513672381','online','10','290','0','30.84','259.16','99','350524198705084035','-1',NULL)
[2017-12-19 16:33:02] /hsd/admin@hsd/modules/shop/index.php?m=order_import&a=order_import_save ( m=order_import&a=order_import_save ) 
ERR: Db Error: Column 'order_remark' cannot be null
INSERT  INTO `kjyp_orders` (order_sn,external_order,pay_sn,store_id,store_name,buyer_id,buyer_name,buyer_email,add_time,payment_code,order_state,order_amount,shipping_fee,order_tax,goods_amount,order_from,member_idcard,store_storage_id,order_remark) VALUES ('2017121916330217637','6919062920434390713sp2','410567016382288006','3','倍赞店铺','6','13977842099','admin@qq.com','1513672381','online','10','290','0','30.84','259.16','99','452730198803073819','-1',NULL)
[2017-12-19 16:33:02] /hsd/admin@hsd/modules/shop/index.php?m=order_import&a=order_import_save ( m=order_import&a=order_import_save ) 
ERR: Db Error: Column 'order_remark' cannot be null
INSERT  INTO `kjyp_orders` (order_sn,external_order,pay_sn,store_id,store_name,buyer_id,buyer_name,buyer_email,add_time,payment_code,order_state,order_amount,shipping_fee,order_tax,goods_amount,order_from,member_idcard,store_storage_id,order_remark) VALUES ('2017121916330258786','20171219111sp2','480567016382313006','3','倍赞店铺','6','13663089435','admin@qq.com','1513672381','online','10','870','0','92.52','777.48','99','410923199002155518','-1',NULL)
[2017-12-19 16:33:02] /hsd/admin@hsd/modules/shop/index.php?m=order_import&a=order_import_save ( m=order_import&a=order_import_save ) 
ERR: Db Error: Column 'order_remark' cannot be null
INSERT  INTO `kjyp_orders` (order_sn,external_order,pay_sn,store_id,store_name,buyer_id,buyer_name,buyer_email,add_time,payment_code,order_state,order_amount,shipping_fee,order_tax,goods_amount,order_from,member_idcard,store_storage_id,order_remark) VALUES ('2017121916330264811','6922995084645451497sp2','280567016382337006','3','倍赞店铺','6','18143779167','admin@qq.com','1513672381','online','10','260','0','27.65','232.35','99','622727198803168010','6',NULL)
[2017-12-19 16:33:02] /hsd/admin@hsd/modules/shop/index.php?m=order_import&a=order_import_save ( m=order_import&a=order_import_save ) 
ERR: Db Error: Column 'order_remark' cannot be null
INSERT  INTO `kjyp_orders` (order_sn,external_order,pay_sn,store_id,store_name,buyer_id,buyer_name,buyer_email,add_time,payment_code,order_state,order_amount,shipping_fee,order_tax,goods_amount,order_from,member_idcard,store_storage_id,order_remark) VALUES ('2017121916330247908','6920625794441108478sp2','770567016382362006','3','倍赞店铺','6','15983408616','admin@qq.com','1513672381','online','10','290','0','30.84','259.16','99','513434198805192527','-1',NULL)
[2017-12-19 16:33:02] /hsd/admin@hsd/modules/shop/index.php?m=order_import&a=order_import_save ( m=order_import&a=order_import_save ) 
ERR: Db Error: Column 'order_remark' cannot be null
INSERT  INTO `kjyp_orders` (order_sn,external_order,pay_sn,store_id,store_name,buyer_id,buyer_name,buyer_email,add_time,payment_code,order_state,order_amount,shipping_fee,order_tax,goods_amount,order_from,member_idcard,store_storage_id,order_remark) VALUES ('2017121916330270795','6921417952051955936sp2','280567016382389006','3','倍赞店铺','6','13925226513','admin@qq.com','1513672381','online','10','290','0','30.84','259.16','99','430702198101290025','-1',NULL)
[2017-12-19 16:36:14] /hsd/admin@hsd/modules/shop/index.php?m=order_import&a=order_import_save ( m=order_import&a=order_import_save ) 
ERR: Db Error: Duplicate entry '1159' for key 'PRIMARY'
INSERT  INTO `kjyp_order_common` (order_id,store_id,order_message,reciver_info,reciver_name,shipping_express_id,reciver_province_id) VALUES ('1159','3','','a:7:{s:5:\"phone\";s:11:\"15905589118\";s:9:\"mob_phone\";s:11:\"15905589118\";s:9:\"tel_phone\";s:11:\"15905589118\";s:7:\"address\";s:71:\"安徽省 阜阳市 颍州区 安徽省阜阳文峰路14号碟海文化\";s:4:\"area\";s:29:\"安徽省 阜阳市 颍州区\";s:6:\"street\";s:41:\"安徽省阜阳文峰路14号碟海文化\";s:13:\"member_idcard\";s:18:\"341225199012010117\";}','王冬松','40','0')
[2017-12-19 16:36:14] /hsd/admin@hsd/modules/shop/index.php?m=order_import&a=order_import_save ( m=order_import&a=order_import_save ) 
ERR: Db Error: Duplicate entry '1160' for key 'PRIMARY'
INSERT  INTO `kjyp_order_common` (order_id,store_id,order_message,reciver_info,reciver_name,shipping_express_id,reciver_province_id) VALUES ('1160','3','','a:7:{s:5:\"phone\";s:11:\"13197029873\";s:9:\"mob_phone\";s:11:\"13197029873\";s:9:\"tel_phone\";s:11:\"13197029873\";s:7:\"address\";s:48:\"湖北省 黄石市 黄石港区 彩虹路伊亲\";s:4:\"area\";s:32:\"湖北省 黄石市 黄石港区\";s:6:\"street\";s:15:\"彩虹路伊亲\";s:13:\"member_idcard\";s:18:\"420583199212022226\";}','何苗','40','0')
[2017-12-19 16:36:14] /hsd/admin@hsd/modules/shop/index.php?m=order_import&a=order_import_save ( m=order_import&a=order_import_save ) 
ERR: Db Error: Duplicate entry '1161' for key 'PRIMARY'
INSERT  INTO `kjyp_order_common` (order_id,store_id,order_message,reciver_info,reciver_name,shipping_express_id,reciver_province_id) VALUES ('1161','3','','a:7:{s:5:\"phone\";s:11:\"15855436163\";s:9:\"mob_phone\";s:11:\"15855436163\";s:9:\"tel_phone\";s:11:\"15855436163\";s:7:\"address\";s:56:\"安徽省 淮南市 田家庵区 广场小区21栋商铺\";s:4:\"area\";s:32:\"安徽省 淮南市 田家庵区\";s:6:\"street\";s:23:\"广场小区21栋商铺\";s:13:\"member_idcard\";s:18:\"340403198306092215\";}','王克','40','0')
[2017-12-19 16:36:14] /hsd/admin@hsd/modules/shop/index.php?m=order_import&a=order_import_save ( m=order_import&a=order_import_save ) 
ERR: Db Error: Duplicate entry '1162' for key 'PRIMARY'
INSERT  INTO `kjyp_order_common` (order_id,store_id,order_message,reciver_info,reciver_name,shipping_express_id,reciver_province_id) VALUES ('1162','3','','a:7:{s:5:\"phone\";s:11:\"13679420096\";s:9:\"mob_phone\";s:11:\"13679420096\";s:9:\"tel_phone\";s:11:\"13679420096\";s:7:\"address\";s:57:\"甘肃省 兰州市 七里河区 晏家坪二十五佳园\";s:4:\"area\";s:32:\"甘肃省 兰州市 七里河区\";s:6:\"street\";s:24:\"晏家坪二十五佳园\";s:13:\"member_idcard\";s:18:\"620123198711081321\";}','黄瑶','40','0')
[2017-12-19 16:36:14] /hsd/admin@hsd/modules/shop/index.php?m=order_import&a=order_import_save ( m=order_import&a=order_import_save ) 
ERR: Db Error: Duplicate entry '1163' for key 'PRIMARY'
INSERT  INTO `kjyp_order_common` (order_id,store_id,order_message,reciver_info,reciver_name,shipping_express_id,reciver_province_id) VALUES ('1163','3','','a:7:{s:5:\"phone\";s:11:\"18805954333\";s:9:\"mob_phone\";s:11:\"18805954333\";s:9:\"tel_phone\";s:11:\"18805954333\";s:7:\"address\";s:81:\"福建省 泉州市 惠安县 崇武镇海门工业区佳豪石材办公室一楼\";s:4:\"area\";s:29:\"福建省 泉州市 惠安县\";s:6:\"street\";s:51:\"崇武镇海门工业区佳豪石材办公室一楼\";s:13:\"member_idcard\";s:18:\"350524198705084035\";}','王远新','40','0')
[2017-12-19 16:36:14] /hsd/admin@hsd/modules/shop/index.php?m=order_import&a=order_import_save ( m=order_import&a=order_import_save ) 
ERR: Db Error: Duplicate entry '1164' for key 'PRIMARY'
INSERT  INTO `kjyp_order_common` (order_id,store_id,order_message,reciver_info,reciver_name,shipping_express_id,reciver_province_id) VALUES ('1164','3','','a:7:{s:5:\"phone\";s:11:\"13977842099\";s:9:\"mob_phone\";s:11:\"13977842099\";s:9:\"tel_phone\";s:11:\"13977842099\";s:7:\"address\";s:91:\"广西壮族自治区 河池市 都安瑶族自治县 拉仁镇加兴村加上屯一队7号\";s:4:\"area\";s:53:\"广西壮族自治区 河池市 都安瑶族自治县\";s:6:\"street\";s:37:\"拉仁镇加兴村加上屯一队7号\";s:13:\"member_idcard\";s:18:\"452730198803073819\";}','蓝加勇','40','0')
[2017-12-19 16:36:14] /hsd/admin@hsd/modules/shop/index.php?m=order_import&a=order_import_save ( m=order_import&a=order_import_save ) 
ERR: Db Error: Duplicate entry '1165' for key 'PRIMARY'
INSERT  INTO `kjyp_order_common` (order_id,store_id,order_message,reciver_info,reciver_name,shipping_express_id,reciver_province_id) VALUES ('1165','3','','a:7:{s:5:\"phone\";s:11:\"13663089435\";s:9:\"mob_phone\";s:11:\"13663089435\";s:9:\"tel_phone\";s:11:\"13663089435\";s:7:\"address\";s:55:\"河南省 三门峡市 灵宝市 尹庄镇涧口村6组\";s:4:\"area\";s:32:\"河南省 三门峡市 灵宝市\";s:6:\"street\";s:22:\"尹庄镇涧口村6组\";s:13:\"member_idcard\";s:18:\"410923199002155518\";}','刘冠军','40','0')
[2017-12-19 16:36:14] /hsd/admin@hsd/modules/shop/index.php?m=order_import&a=order_import_save ( m=order_import&a=order_import_save ) 
ERR: Db Error: Duplicate entry '1166' for key 'PRIMARY'
INSERT  INTO `kjyp_order_common` (order_id,store_id,order_message,reciver_info,reciver_name,shipping_express_id,reciver_province_id) VALUES ('1166','3','','a:7:{s:5:\"phone\";s:11:\"18143779167\";s:9:\"mob_phone\";s:11:\"18143779167\";s:9:\"tel_phone\";s:11:\"18143779167\";s:7:\"address\";s:78:\"云南省 德宏傣族景颇族自治州 盈江县 盈湖公园老房子酒吧\";s:4:\"area\";s:50:\"云南省 德宏傣族景颇族自治州 盈江县\";s:6:\"street\";s:27:\"盈湖公园老房子酒吧\";s:13:\"member_idcard\";s:18:\"622727198803168010\";}','何小鹏','40','0')
[2017-12-19 16:36:14] /hsd/admin@hsd/modules/shop/index.php?m=order_import&a=order_import_save ( m=order_import&a=order_import_save ) 
ERR: Db Error: Duplicate entry '1167' for key 'PRIMARY'
INSERT  INTO `kjyp_order_common` (order_id,store_id,order_message,reciver_info,reciver_name,shipping_express_id,reciver_province_id) VALUES ('1167','3','','a:7:{s:5:\"phone\";s:11:\"15983408616\";s:9:\"mob_phone\";s:11:\"15983408616\";s:9:\"tel_phone\";s:11:\"15983408616\";s:7:\"address\";s:70:\"四川省 凉山彝族自治州 西昌市 宁星路1号雪花啤酒厂\";s:4:\"area\";s:41:\"四川省 凉山彝族自治州 西昌市\";s:6:\"street\";s:28:\"宁星路1号雪花啤酒厂\";s:13:\"member_idcard\";s:18:\"513434198805192527\";}','甘雨灵','40','0')
[2017-12-19 16:36:14] /hsd/admin@hsd/modules/shop/index.php?m=order_import&a=order_import_save ( m=order_import&a=order_import_save ) 
ERR: Db Error: Duplicate entry '1168' for key 'PRIMARY'
INSERT  INTO `kjyp_order_common` (order_id,store_id,order_message,reciver_info,reciver_name,shipping_express_id,reciver_province_id) VALUES ('1168','3','','a:7:{s:5:\"phone\";s:11:\"13925226513\";s:9:\"mob_phone\";s:11:\"13925226513\";s:9:\"tel_phone\";s:11:\"13925226513\";s:7:\"address\";s:54:\"广东省 深圳市 宝安区 西乡富瑰园D3栋1503\";s:4:\"area\";s:29:\"广东省 深圳市 宝安区\";s:6:\"street\";s:24:\"西乡富瑰园D3栋1503\";s:13:\"member_idcard\";s:18:\"430702198101290025\";}','郑旭琼','40','0')
[2017-12-19 16:36:33] /hsd/admin@hsd/modules/shop/index.php?m=order_import&a=order_import_save ( m=order_import&a=order_import_save ) 
ERR: Db Error: Column 'order_remark' cannot be null
INSERT  INTO `kjyp_orders` (order_sn,external_order,pay_sn,store_id,store_name,buyer_id,buyer_name,buyer_email,add_time,payment_code,order_state,order_amount,shipping_fee,order_tax,goods_amount,order_from,member_idcard,store_storage_id,order_remark) VALUES ('2017121916363311789','GYS20171218730686','250567016593092006','3','倍赞店铺','6','13197029873','admin@qq.com','1513672592','online','10','640','0','68.06','571.94','99','420583199212022226','-1',NULL)
[2017-12-19 16:36:33] /hsd/admin@hsd/modules/shop/index.php?m=order_import&a=order_import_save ( m=order_import&a=order_import_save ) 
ERR: Db Error: Column 'order_remark' cannot be null
INSERT  INTO `kjyp_orders` (order_sn,external_order,pay_sn,store_id,store_name,buyer_id,buyer_name,buyer_email,add_time,payment_code,order_state,order_amount,shipping_fee,order_tax,goods_amount,order_from,member_idcard,store_storage_id,order_remark) VALUES ('2017121916363360186','GYS20171218717269','200567016593119006','3','倍赞店铺','6','15855436163','admin@qq.com','1513672592','online','10','780','0','82.95','697.05','99','340403198306092215','6',NULL)
[2017-12-19 16:36:33] /hsd/admin@hsd/modules/shop/index.php?m=order_import&a=order_import_save ( m=order_import&a=order_import_save ) 
ERR: Db Error: Column 'order_remark' cannot be null
INSERT  INTO `kjyp_orders` (order_sn,external_order,pay_sn,store_id,store_name,buyer_id,buyer_name,buyer_email,add_time,payment_code,order_state,order_amount,shipping_fee,order_tax,goods_amount,order_from,member_idcard,store_storage_id,order_remark) VALUES ('2017121916363378493','6923493676359452093sp2','270567016593148006','3','倍赞店铺','6','13679420096','admin@qq.com','1513672592','online','10','290','0','30.84','259.16','99','620123198711081321','-1',NULL)
[2017-12-19 16:36:33] /hsd/admin@hsd/modules/shop/index.php?m=order_import&a=order_import_save ( m=order_import&a=order_import_save ) 
ERR: Db Error: Column 'order_remark' cannot be null
INSERT  INTO `kjyp_orders` (order_sn,external_order,pay_sn,store_id,store_name,buyer_id,buyer_name,buyer_email,add_time,payment_code,order_state,order_amount,shipping_fee,order_tax,goods_amount,order_from,member_idcard,store_storage_id,order_remark) VALUES ('2017121916363389325','6924361767381444685sp2','830567016593177006','3','倍赞店铺','6','18805954333','admin@qq.com','1513672592','online','10','290','0','30.84','259.16','99','350524198705084035','-1',NULL)
[2017-12-19 16:36:33] /hsd/admin@hsd/modules/shop/index.php?m=order_import&a=order_import_save ( m=order_import&a=order_import_save ) 
ERR: Db Error: Column 'order_remark' cannot be null
INSERT  INTO `kjyp_orders` (order_sn,external_order,pay_sn,store_id,store_name,buyer_id,buyer_name,buyer_email,add_time,payment_code,order_state,order_amount,shipping_fee,order_tax,goods_amount,order_from,member_idcard,store_storage_id,order_remark) VALUES ('2017121916363346370','6919062920434390713sp2','540567016593205006','3','倍赞店铺','6','13977842099','admin@qq.com','1513672592','online','10','290','0','30.84','259.16','99','452730198803073819','-1',NULL)
[2017-12-19 16:36:33] /hsd/admin@hsd/modules/shop/index.php?m=order_import&a=order_import_save ( m=order_import&a=order_import_save ) 
ERR: Db Error: Column 'order_remark' cannot be null
INSERT  INTO `kjyp_orders` (order_sn,external_order,pay_sn,store_id,store_name,buyer_id,buyer_name,buyer_email,add_time,payment_code,order_state,order_amount,shipping_fee,order_tax,goods_amount,order_from,member_idcard,store_storage_id,order_remark) VALUES ('2017121916363335088','20171219111sp2','490567016593234006','3','倍赞店铺','6','13663089435','admin@qq.com','1513672592','online','10','870','0','92.52','777.48','99','410923199002155518','-1',NULL)
[2017-12-19 16:36:33] /hsd/admin@hsd/modules/shop/index.php?m=order_import&a=order_import_save ( m=order_import&a=order_import_save ) 
ERR: Db Error: Column 'order_remark' cannot be null
INSERT  INTO `kjyp_orders` (order_sn,external_order,pay_sn,store_id,store_name,buyer_id,buyer_name,buyer_email,add_time,payment_code,order_state,order_amount,shipping_fee,order_tax,goods_amount,order_from,member_idcard,store_storage_id,order_remark) VALUES ('2017121916363315071','6922995084645451497sp2','630567016593266006','3','倍赞店铺','6','18143779167','admin@qq.com','1513672592','online','10','260','0','27.65','232.35','99','622727198803168010','6',NULL)
[2017-12-19 16:36:33] /hsd/admin@hsd/modules/shop/index.php?m=order_import&a=order_import_save ( m=order_import&a=order_import_save ) 
ERR: Db Error: Column 'order_remark' cannot be null
INSERT  INTO `kjyp_orders` (order_sn,external_order,pay_sn,store_id,store_name,buyer_id,buyer_name,buyer_email,add_time,payment_code,order_state,order_amount,shipping_fee,order_tax,goods_amount,order_from,member_idcard,store_storage_id,order_remark) VALUES ('2017121916363392960','6920625794441108478sp2','980567016593293006','3','倍赞店铺','6','15983408616','admin@qq.com','1513672592','online','10','290','0','30.84','259.16','99','513434198805192527','-1',NULL)
[2017-12-19 16:36:33] /hsd/admin@hsd/modules/shop/index.php?m=order_import&a=order_import_save ( m=order_import&a=order_import_save ) 
ERR: Db Error: Column 'order_remark' cannot be null
INSERT  INTO `kjyp_orders` (order_sn,external_order,pay_sn,store_id,store_name,buyer_id,buyer_name,buyer_email,add_time,payment_code,order_state,order_amount,shipping_fee,order_tax,goods_amount,order_from,member_idcard,store_storage_id,order_remark) VALUES ('2017121916363348139','6921417952051955936sp2','300567016593322006','3','倍赞店铺','6','13925226513','admin@qq.com','1513672592','online','10','290','0','30.84','259.16','99','430702198101290025','-1',NULL)
[2017-12-19 16:37:07] /hsd/admin@hsd/modules/shop/index.php?m=order_import&a=order_import_save ( m=order_import&a=order_import_save ) 
ERR: Db Error: Column 'order_remark' cannot be null
INSERT  INTO `kjyp_orders` (order_sn,external_order,pay_sn,store_id,store_name,buyer_id,buyer_name,buyer_email,add_time,payment_code,order_state,order_amount,shipping_fee,order_tax,goods_amount,order_from,member_idcard,store_storage_id,order_remark) VALUES ('2017121916370765407','GYS20171218730686','580567016627751006','3','倍赞店铺','6','13197029873','admin@qq.com','1513672626','online','10','640','0','68.06','571.94','99','420583199212022226','-1',NULL)
[2017-12-19 16:37:07] /hsd/admin@hsd/modules/shop/index.php?m=order_import&a=order_import_save ( m=order_import&a=order_import_save ) 
ERR: Db Error: Column 'order_remark' cannot be null
INSERT  INTO `kjyp_orders` (order_sn,external_order,pay_sn,store_id,store_name,buyer_id,buyer_name,buyer_email,add_time,payment_code,order_state,order_amount,shipping_fee,order_tax,goods_amount,order_from,member_idcard,store_storage_id,order_remark) VALUES ('2017121916370729625','GYS20171218717269','640567016627779006','3','倍赞店铺','6','15855436163','admin@qq.com','1513672626','online','10','780','0','82.95','697.05','99','340403198306092215','6',NULL)
[2017-12-19 16:37:07] /hsd/admin@hsd/modules/shop/index.php?m=order_import&a=order_import_save ( m=order_import&a=order_import_save ) 
ERR: Db Error: Column 'order_remark' cannot be null
INSERT  INTO `kjyp_orders` (order_sn,external_order,pay_sn,store_id,store_name,buyer_id,buyer_name,buyer_email,add_time,payment_code,order_state,order_amount,shipping_fee,order_tax,goods_amount,order_from,member_idcard,store_storage_id,order_remark) VALUES ('2017121916370716791','6923493676359452093sp2','600567016627806006','3','倍赞店铺','6','13679420096','admin@qq.com','1513672626','online','10','290','0','30.84','259.16','99','620123198711081321','-1',NULL)
[2017-12-19 16:37:07] /hsd/admin@hsd/modules/shop/index.php?m=order_import&a=order_import_save ( m=order_import&a=order_import_save ) 
ERR: Db Error: Column 'order_remark' cannot be null
INSERT  INTO `kjyp_orders` (order_sn,external_order,pay_sn,store_id,store_name,buyer_id,buyer_name,buyer_email,add_time,payment_code,order_state,order_amount,shipping_fee,order_tax,goods_amount,order_from,member_idcard,store_storage_id,order_remark) VALUES ('2017121916370744311','6924361767381444685sp2','970567016627836006','3','倍赞店铺','6','18805954333','admin@qq.com','1513672626','online','10','290','0','30.84','259.16','99','350524198705084035','-1',NULL)
[2017-12-19 16:37:07] /hsd/admin@hsd/modules/shop/index.php?m=order_import&a=order_import_save ( m=order_import&a=order_import_save ) 
ERR: Db Error: Column 'order_remark' cannot be null
INSERT  INTO `kjyp_orders` (order_sn,external_order,pay_sn,store_id,store_name,buyer_id,buyer_name,buyer_email,add_time,payment_code,order_state,order_amount,shipping_fee,order_tax,goods_amount,order_from,member_idcard,store_storage_id,order_remark) VALUES ('2017121916370731499','6919062920434390713sp2','610567016627863006','3','倍赞店铺','6','13977842099','admin@qq.com','1513672626','online','10','290','0','30.84','259.16','99','452730198803073819','-1',NULL)
[2017-12-19 16:37:07] /hsd/admin@hsd/modules/shop/index.php?m=order_import&a=order_import_save ( m=order_import&a=order_import_save ) 
ERR: Db Error: Column 'order_remark' cannot be null
INSERT  INTO `kjyp_orders` (order_sn,external_order,pay_sn,store_id,store_name,buyer_id,buyer_name,buyer_email,add_time,payment_code,order_state,order_amount,shipping_fee,order_tax,goods_amount,order_from,member_idcard,store_storage_id,order_remark) VALUES ('2017121916370750273','20171219111sp2','330567016627890006','3','倍赞店铺','6','13663089435','admin@qq.com','1513672626','online','10','870','0','92.52','777.48','99','410923199002155518','-1',NULL)
[2017-12-19 16:37:07] /hsd/admin@hsd/modules/shop/index.php?m=order_import&a=order_import_save ( m=order_import&a=order_import_save ) 
ERR: Db Error: Column 'order_remark' cannot be null
INSERT  INTO `kjyp_orders` (order_sn,external_order,pay_sn,store_id,store_name,buyer_id,buyer_name,buyer_email,add_time,payment_code,order_state,order_amount,shipping_fee,order_tax,goods_amount,order_from,member_idcard,store_storage_id,order_remark) VALUES ('2017121916370795296','6922995084645451497sp2','240567016627917006','3','倍赞店铺','6','18143779167','admin@qq.com','1513672626','online','10','260','0','27.65','232.35','99','622727198803168010','6',NULL)
[2017-12-19 16:37:07] /hsd/admin@hsd/modules/shop/index.php?m=order_import&a=order_import_save ( m=order_import&a=order_import_save ) 
ERR: Db Error: Column 'order_remark' cannot be null
INSERT  INTO `kjyp_orders` (order_sn,external_order,pay_sn,store_id,store_name,buyer_id,buyer_name,buyer_email,add_time,payment_code,order_state,order_amount,shipping_fee,order_tax,goods_amount,order_from,member_idcard,store_storage_id,order_remark) VALUES ('2017121916370795776','6920625794441108478sp2','110567016627944006','3','倍赞店铺','6','15983408616','admin@qq.com','1513672626','online','10','290','0','30.84','259.16','99','513434198805192527','-1',NULL)
[2017-12-19 16:37:07] /hsd/admin@hsd/modules/shop/index.php?m=order_import&a=order_import_save ( m=order_import&a=order_import_save ) 
ERR: Db Error: Column 'order_remark' cannot be null
INSERT  INTO `kjyp_orders` (order_sn,external_order,pay_sn,store_id,store_name,buyer_id,buyer_name,buyer_email,add_time,payment_code,order_state,order_amount,shipping_fee,order_tax,goods_amount,order_from,member_idcard,store_storage_id,order_remark) VALUES ('2017121916370746723','6921417952051955936sp2','730567016627971006','3','倍赞店铺','6','13925226513','admin@qq.com','1513672626','online','10','290','0','30.84','259.16','99','430702198101290025','-1',NULL)
[2017-12-19 16:42:54] /hsd/admin@hsd/modules/shop/index.php?m=order_import&a=order_import_save ( m=order_import&a=order_import_save ) 
ERR: Db Error: Column 'order_remark' cannot be null
INSERT  INTO `kjyp_orders` (order_sn,external_order,pay_sn,store_id,store_name,buyer_id,buyer_name,buyer_email,add_time,payment_code,order_state,order_amount,shipping_fee,order_tax,goods_amount,order_from,member_idcard,store_storage_id,order_remark) VALUES ('2017121916425449365','GYS20171219867577','330567016974724006','3','倍赞店铺','6','15905589118','admin@qq.com','1513672973','online','10','870','0','92.52','777.48','99','341225199012010117','-1',NULL)
[2017-12-19 16:42:54] /hsd/admin@hsd/modules/shop/index.php?m=order_import&a=order_import_save ( m=order_import&a=order_import_save ) 
ERR: Db Error: Column 'order_remark' cannot be null
INSERT  INTO `kjyp_orders` (order_sn,external_order,pay_sn,store_id,store_name,buyer_id,buyer_name,buyer_email,add_time,payment_code,order_state,order_amount,shipping_fee,order_tax,goods_amount,order_from,member_idcard,store_storage_id,order_remark) VALUES ('2017121916425472631','GYS20171218730686','240567016974753006','3','倍赞店铺','6','13197029873','admin@qq.com','1513672973','online','10','640','0','68.06','571.94','99','420583199212022226','-1',NULL)
[2017-12-19 16:42:54] /hsd/admin@hsd/modules/shop/index.php?m=order_import&a=order_import_save ( m=order_import&a=order_import_save ) 
ERR: Db Error: Column 'order_remark' cannot be null
INSERT  INTO `kjyp_orders` (order_sn,external_order,pay_sn,store_id,store_name,buyer_id,buyer_name,buyer_email,add_time,payment_code,order_state,order_amount,shipping_fee,order_tax,goods_amount,order_from,member_idcard,store_storage_id,order_remark) VALUES ('2017121916425485080','GYS20171218717269','500567016974780006','3','倍赞店铺','6','15855436163','admin@qq.com','1513672973','online','10','780','0','82.95','697.05','99','340403198306092215','6',NULL)
[2017-12-19 16:42:54] /hsd/admin@hsd/modules/shop/index.php?m=order_import&a=order_import_save ( m=order_import&a=order_import_save ) 
ERR: Db Error: Column 'order_remark' cannot be null
INSERT  INTO `kjyp_orders` (order_sn,external_order,pay_sn,store_id,store_name,buyer_id,buyer_name,buyer_email,add_time,payment_code,order_state,order_amount,shipping_fee,order_tax,goods_amount,order_from,member_idcard,store_storage_id,order_remark) VALUES ('2017121916425457240','6923493676359452093sp2','210567016974805006','3','倍赞店铺','6','13679420096','admin@qq.com','1513672973','online','10','290','0','30.84','259.16','99','620123198711081321','-1',NULL)
[2017-12-19 16:42:54] /hsd/admin@hsd/modules/shop/index.php?m=order_import&a=order_import_save ( m=order_import&a=order_import_save ) 
ERR: Db Error: Column 'order_remark' cannot be null
INSERT  INTO `kjyp_orders` (order_sn,external_order,pay_sn,store_id,store_name,buyer_id,buyer_name,buyer_email,add_time,payment_code,order_state,order_amount,shipping_fee,order_tax,goods_amount,order_from,member_idcard,store_storage_id,order_remark) VALUES ('2017121916425443494','6924361767381444685sp2','860567016974833006','3','倍赞店铺','6','18805954333','admin@qq.com','1513672973','online','10','290','0','30.84','259.16','99','350524198705084035','-1',NULL)
[2017-12-19 16:42:54] /hsd/admin@hsd/modules/shop/index.php?m=order_import&a=order_import_save ( m=order_import&a=order_import_save ) 
ERR: Db Error: Column 'order_remark' cannot be null
INSERT  INTO `kjyp_orders` (order_sn,external_order,pay_sn,store_id,store_name,buyer_id,buyer_name,buyer_email,add_time,payment_code,order_state,order_amount,shipping_fee,order_tax,goods_amount,order_from,member_idcard,store_storage_id,order_remark) VALUES ('2017121916425482777','6919062920434390713sp2','720567016974860006','3','倍赞店铺','6','13977842099','admin@qq.com','1513672973','online','10','290','0','30.84','259.16','99','452730198803073819','-1',NULL)
[2017-12-19 16:42:54] /hsd/admin@hsd/modules/shop/index.php?m=order_import&a=order_import_save ( m=order_import&a=order_import_save ) 
ERR: Db Error: Column 'order_remark' cannot be null
INSERT  INTO `kjyp_orders` (order_sn,external_order,pay_sn,store_id,store_name,buyer_id,buyer_name,buyer_email,add_time,payment_code,order_state,order_amount,shipping_fee,order_tax,goods_amount,order_from,member_idcard,store_storage_id,order_remark) VALUES ('2017121916425440928','20171219111sp2','840567016974886006','3','倍赞店铺','6','13663089435','admin@qq.com','1513672973','online','10','870','0','92.52','777.48','99','410923199002155518','-1',NULL)
[2017-12-19 16:42:54] /hsd/admin@hsd/modules/shop/index.php?m=order_import&a=order_import_save ( m=order_import&a=order_import_save ) 
ERR: Db Error: Column 'order_remark' cannot be null
INSERT  INTO `kjyp_orders` (order_sn,external_order,pay_sn,store_id,store_name,buyer_id,buyer_name,buyer_email,add_time,payment_code,order_state,order_amount,shipping_fee,order_tax,goods_amount,order_from,member_idcard,store_storage_id,order_remark) VALUES ('2017121916425428062','6922995084645451497sp2','680567016974913006','3','倍赞店铺','6','18143779167','admin@qq.com','1513672973','online','10','260','0','27.65','232.35','99','622727198803168010','6',NULL)
[2017-12-19 16:42:54] /hsd/admin@hsd/modules/shop/index.php?m=order_import&a=order_import_save ( m=order_import&a=order_import_save ) 
ERR: Db Error: Column 'order_remark' cannot be null
INSERT  INTO `kjyp_orders` (order_sn,external_order,pay_sn,store_id,store_name,buyer_id,buyer_name,buyer_email,add_time,payment_code,order_state,order_amount,shipping_fee,order_tax,goods_amount,order_from,member_idcard,store_storage_id,order_remark) VALUES ('2017121916425424256','6920625794441108478sp2','520567016974939006','3','倍赞店铺','6','15983408616','admin@qq.com','1513672973','online','10','290','0','30.84','259.16','99','513434198805192527','-1',NULL)
[2017-12-19 16:42:54] /hsd/admin@hsd/modules/shop/index.php?m=order_import&a=order_import_save ( m=order_import&a=order_import_save ) 
ERR: Db Error: Column 'order_remark' cannot be null
INSERT  INTO `kjyp_orders` (order_sn,external_order,pay_sn,store_id,store_name,buyer_id,buyer_name,buyer_email,add_time,payment_code,order_state,order_amount,shipping_fee,order_tax,goods_amount,order_from,member_idcard,store_storage_id,order_remark) VALUES ('2017121916425458026','6921417952051955936sp2','820567016974967006','3','倍赞店铺','6','13925226513','admin@qq.com','1513672973','online','10','290','0','30.84','259.16','99','430702198101290025','-1',NULL)
[2017-12-19 16:43:30] /hsd/admin@hsd/modules/shop/index.php?m=order_import&a=order_import_save ( m=order_import&a=order_import_save ) 
ERR: Db Error: Column 'order_remark' cannot be null
INSERT  INTO `kjyp_orders` (order_sn,external_order,pay_sn,store_id,store_name,buyer_id,buyer_name,buyer_email,add_time,payment_code,order_state,order_amount,shipping_fee,order_tax,goods_amount,order_from,member_idcard,store_storage_id,order_remark) VALUES ('2017121916433023453','GYS20171219867577','710567017010155006','3','倍赞店铺','6','15905589118','admin@qq.com','1513673009','online','10','870','0','92.52','777.48','99','341225199012010117','-1',NULL)
[2017-12-19 16:43:30] /hsd/admin@hsd/modules/shop/index.php?m=order_import&a=order_import_save ( m=order_import&a=order_import_save ) 
ERR: Db Error: Column 'order_remark' cannot be null
INSERT  INTO `kjyp_orders` (order_sn,external_order,pay_sn,store_id,store_name,buyer_id,buyer_name,buyer_email,add_time,payment_code,order_state,order_amount,shipping_fee,order_tax,goods_amount,order_from,member_idcard,store_storage_id,order_remark) VALUES ('2017121916433026060','GYS20171218730686','500567017010184006','3','倍赞店铺','6','13197029873','admin@qq.com','1513673009','online','10','640','0','68.06','571.94','99','420583199212022226','-1',NULL)
[2017-12-19 16:43:30] /hsd/admin@hsd/modules/shop/index.php?m=order_import&a=order_import_save ( m=order_import&a=order_import_save ) 
ERR: Db Error: Column 'order_remark' cannot be null
INSERT  INTO `kjyp_orders` (order_sn,external_order,pay_sn,store_id,store_name,buyer_id,buyer_name,buyer_email,add_time,payment_code,order_state,order_amount,shipping_fee,order_tax,goods_amount,order_from,member_idcard,store_storage_id,order_remark) VALUES ('2017121916433097710','GYS20171218717269','850567017010214006','3','倍赞店铺','6','15855436163','admin@qq.com','1513673009','online','10','780','0','82.95','697.05','99','340403198306092215','6',NULL)
[2017-12-19 16:43:30] /hsd/admin@hsd/modules/shop/index.php?m=order_import&a=order_import_save ( m=order_import&a=order_import_save ) 
ERR: Db Error: Column 'order_remark' cannot be null
INSERT  INTO `kjyp_orders` (order_sn,external_order,pay_sn,store_id,store_name,buyer_id,buyer_name,buyer_email,add_time,payment_code,order_state,order_amount,shipping_fee,order_tax,goods_amount,order_from,member_idcard,store_storage_id,order_remark) VALUES ('2017121916433033932','6923493676359452093sp2','120567017010242006','3','倍赞店铺','6','13679420096','admin@qq.com','1513673009','online','10','290','0','30.84','259.16','99','620123198711081321','-1',NULL)
[2017-12-19 16:43:30] /hsd/admin@hsd/modules/shop/index.php?m=order_import&a=order_import_save ( m=order_import&a=order_import_save ) 
ERR: Db Error: Column 'order_remark' cannot be null
INSERT  INTO `kjyp_orders` (order_sn,external_order,pay_sn,store_id,store_name,buyer_id,buyer_name,buyer_email,add_time,payment_code,order_state,order_amount,shipping_fee,order_tax,goods_amount,order_from,member_idcard,store_storage_id,order_remark) VALUES ('2017121916433014111','6924361767381444685sp2','160567017010269006','3','倍赞店铺','6','18805954333','admin@qq.com','1513673009','online','10','290','0','30.84','259.16','99','350524198705084035','-1',NULL)
[2017-12-19 16:43:30] /hsd/admin@hsd/modules/shop/index.php?m=order_import&a=order_import_save ( m=order_import&a=order_import_save ) 
ERR: Db Error: Column 'order_remark' cannot be null
INSERT  INTO `kjyp_orders` (order_sn,external_order,pay_sn,store_id,store_name,buyer_id,buyer_name,buyer_email,add_time,payment_code,order_state,order_amount,shipping_fee,order_tax,goods_amount,order_from,member_idcard,store_storage_id,order_remark) VALUES ('2017121916433013289','6919062920434390713sp2','510567017010297006','3','倍赞店铺','6','13977842099','admin@qq.com','1513673009','online','10','290','0','30.84','259.16','99','452730198803073819','-1',NULL)
[2017-12-19 16:43:30] /hsd/admin@hsd/modules/shop/index.php?m=order_import&a=order_import_save ( m=order_import&a=order_import_save ) 
ERR: Db Error: Column 'order_remark' cannot be null
INSERT  INTO `kjyp_orders` (order_sn,external_order,pay_sn,store_id,store_name,buyer_id,buyer_name,buyer_email,add_time,payment_code,order_state,order_amount,shipping_fee,order_tax,goods_amount,order_from,member_idcard,store_storage_id,order_remark) VALUES ('2017121916433044531','20171219111sp2','640567017010324006','3','倍赞店铺','6','13663089435','admin@qq.com','1513673009','online','10','870','0','92.52','777.48','99','410923199002155518','-1',NULL)
[2017-12-19 16:43:30] /hsd/admin@hsd/modules/shop/index.php?m=order_import&a=order_import_save ( m=order_import&a=order_import_save ) 
ERR: Db Error: Column 'order_remark' cannot be null
INSERT  INTO `kjyp_orders` (order_sn,external_order,pay_sn,store_id,store_name,buyer_id,buyer_name,buyer_email,add_time,payment_code,order_state,order_amount,shipping_fee,order_tax,goods_amount,order_from,member_idcard,store_storage_id,order_remark) VALUES ('2017121916433087394','6922995084645451497sp2','270567017010352006','3','倍赞店铺','6','18143779167','admin@qq.com','1513673009','online','10','260','0','27.65','232.35','99','622727198803168010','6',NULL)
[2017-12-19 16:43:30] /hsd/admin@hsd/modules/shop/index.php?m=order_import&a=order_import_save ( m=order_import&a=order_import_save ) 
ERR: Db Error: Column 'order_remark' cannot be null
INSERT  INTO `kjyp_orders` (order_sn,external_order,pay_sn,store_id,store_name,buyer_id,buyer_name,buyer_email,add_time,payment_code,order_state,order_amount,shipping_fee,order_tax,goods_amount,order_from,member_idcard,store_storage_id,order_remark) VALUES ('2017121916433024734','6920625794441108478sp2','500567017010379006','3','倍赞店铺','6','15983408616','admin@qq.com','1513673009','online','10','290','0','30.84','259.16','99','513434198805192527','-1',NULL)
[2017-12-19 16:43:30] /hsd/admin@hsd/modules/shop/index.php?m=order_import&a=order_import_save ( m=order_import&a=order_import_save ) 
ERR: Db Error: Column 'order_remark' cannot be null
INSERT  INTO `kjyp_orders` (order_sn,external_order,pay_sn,store_id,store_name,buyer_id,buyer_name,buyer_email,add_time,payment_code,order_state,order_amount,shipping_fee,order_tax,goods_amount,order_from,member_idcard,store_storage_id,order_remark) VALUES ('2017121916433043399','6921417952051955936sp2','890567017010409006','3','倍赞店铺','6','13925226513','admin@qq.com','1513673009','online','10','290','0','30.84','259.16','99','430702198101290025','-1',NULL)
[2017-12-19 16:46:22] /hsd/admin@hsd/modules/shop/index.php?m=order_import&a=order_import_save ( m=order_import&a=order_import_save ) 
ERR: Db Error: Column 'order_remark' cannot be null
INSERT  INTO `kjyp_orders` (order_sn,external_order,pay_sn,store_id,store_name,buyer_id,buyer_name,buyer_email,add_time,payment_code,order_state,order_amount,shipping_fee,order_tax,goods_amount,order_from,member_idcard,store_storage_id,order_remark) VALUES ('2017121916462246948','GYS20171219867577','590567017182092006','3','倍赞店铺','6','15905589118','admin@qq.com','1513673181','online','10','870','0','92.52','777.48','99','341225199012010117','-1',NULL)
[2017-12-19 16:46:22] /hsd/admin@hsd/modules/shop/index.php?m=order_import&a=order_import_save ( m=order_import&a=order_import_save ) 
ERR: Db Error: Column 'order_remark' cannot be null
INSERT  INTO `kjyp_orders` (order_sn,external_order,pay_sn,store_id,store_name,buyer_id,buyer_name,buyer_email,add_time,payment_code,order_state,order_amount,shipping_fee,order_tax,goods_amount,order_from,member_idcard,store_storage_id,order_remark) VALUES ('2017121916462280012','GYS20171218730686','400567017182119006','3','倍赞店铺','6','13197029873','admin@qq.com','1513673181','online','10','640','0','68.06','571.94','99','420583199212022226','-1',NULL)
[2017-12-19 16:46:22] /hsd/admin@hsd/modules/shop/index.php?m=order_import&a=order_import_save ( m=order_import&a=order_import_save ) 
ERR: Db Error: Column 'order_remark' cannot be null
INSERT  INTO `kjyp_orders` (order_sn,external_order,pay_sn,store_id,store_name,buyer_id,buyer_name,buyer_email,add_time,payment_code,order_state,order_amount,shipping_fee,order_tax,goods_amount,order_from,member_idcard,store_storage_id,order_remark) VALUES ('2017121916462299351','GYS20171218717269','350567017182146006','3','倍赞店铺','6','15855436163','admin@qq.com','1513673181','online','10','780','0','82.95','697.05','99','340403198306092215','6',NULL)
[2017-12-19 16:46:22] /hsd/admin@hsd/modules/shop/index.php?m=order_import&a=order_import_save ( m=order_import&a=order_import_save ) 
ERR: Db Error: Column 'order_remark' cannot be null
INSERT  INTO `kjyp_orders` (order_sn,external_order,pay_sn,store_id,store_name,buyer_id,buyer_name,buyer_email,add_time,payment_code,order_state,order_amount,shipping_fee,order_tax,goods_amount,order_from,member_idcard,store_storage_id,order_remark) VALUES ('2017121916462294764','6923493676359452093sp2','730567017182171006','3','倍赞店铺','6','13679420096','admin@qq.com','1513673181','online','10','290','0','30.84','259.16','99','620123198711081321','-1',NULL)
[2017-12-19 16:46:22] /hsd/admin@hsd/modules/shop/index.php?m=order_import&a=order_import_save ( m=order_import&a=order_import_save ) 
ERR: Db Error: Column 'order_remark' cannot be null
INSERT  INTO `kjyp_orders` (order_sn,external_order,pay_sn,store_id,store_name,buyer_id,buyer_name,buyer_email,add_time,payment_code,order_state,order_amount,shipping_fee,order_tax,goods_amount,order_from,member_idcard,store_storage_id,order_remark) VALUES ('2017121916462287822','6924361767381444685sp2','560567017182199006','3','倍赞店铺','6','18805954333','admin@qq.com','1513673181','online','10','290','0','30.84','259.16','99','350524198705084035','-1',NULL)
[2017-12-19 16:46:22] /hsd/admin@hsd/modules/shop/index.php?m=order_import&a=order_import_save ( m=order_import&a=order_import_save ) 
ERR: Db Error: Column 'order_remark' cannot be null
INSERT  INTO `kjyp_orders` (order_sn,external_order,pay_sn,store_id,store_name,buyer_id,buyer_name,buyer_email,add_time,payment_code,order_state,order_amount,shipping_fee,order_tax,goods_amount,order_from,member_idcard,store_storage_id,order_remark) VALUES ('2017121916462296451','6919062920434390713sp2','870567017182227006','3','倍赞店铺','6','13977842099','admin@qq.com','1513673181','online','10','290','0','30.84','259.16','99','452730198803073819','-1',NULL)
[2017-12-19 16:46:22] /hsd/admin@hsd/modules/shop/index.php?m=order_import&a=order_import_save ( m=order_import&a=order_import_save ) 
ERR: Db Error: Column 'order_remark' cannot be null
INSERT  INTO `kjyp_orders` (order_sn,external_order,pay_sn,store_id,store_name,buyer_id,buyer_name,buyer_email,add_time,payment_code,order_state,order_amount,shipping_fee,order_tax,goods_amount,order_from,member_idcard,store_storage_id,order_remark) VALUES ('2017121916462296736','20171219111sp2','130567017182254006','3','倍赞店铺','6','13663089435','admin@qq.com','1513673181','online','10','870','0','92.52','777.48','99','410923199002155518','-1',NULL)
[2017-12-19 16:46:22] /hsd/admin@hsd/modules/shop/index.php?m=order_import&a=order_import_save ( m=order_import&a=order_import_save ) 
ERR: Db Error: Column 'order_remark' cannot be null
INSERT  INTO `kjyp_orders` (order_sn,external_order,pay_sn,store_id,store_name,buyer_id,buyer_name,buyer_email,add_time,payment_code,order_state,order_amount,shipping_fee,order_tax,goods_amount,order_from,member_idcard,store_storage_id,order_remark) VALUES ('2017121916462237505','6922995084645451497sp2','230567017182282006','3','倍赞店铺','6','18143779167','admin@qq.com','1513673181','online','10','260','0','27.65','232.35','99','622727198803168010','6',NULL)
[2017-12-19 16:46:22] /hsd/admin@hsd/modules/shop/index.php?m=order_import&a=order_import_save ( m=order_import&a=order_import_save ) 
ERR: Db Error: Column 'order_remark' cannot be null
INSERT  INTO `kjyp_orders` (order_sn,external_order,pay_sn,store_id,store_name,buyer_id,buyer_name,buyer_email,add_time,payment_code,order_state,order_amount,shipping_fee,order_tax,goods_amount,order_from,member_idcard,store_storage_id,order_remark) VALUES ('2017121916462296579','6920625794441108478sp2','820567017182309006','3','倍赞店铺','6','15983408616','admin@qq.com','1513673181','online','10','290','0','30.84','259.16','99','513434198805192527','-1',NULL)
[2017-12-19 16:46:22] /hsd/admin@hsd/modules/shop/index.php?m=order_import&a=order_import_save ( m=order_import&a=order_import_save ) 
ERR: Db Error: Column 'order_remark' cannot be null
INSERT  INTO `kjyp_orders` (order_sn,external_order,pay_sn,store_id,store_name,buyer_id,buyer_name,buyer_email,add_time,payment_code,order_state,order_amount,shipping_fee,order_tax,goods_amount,order_from,member_idcard,store_storage_id,order_remark) VALUES ('2017121916462278689','6921417952051955936sp2','520567017182336006','3','倍赞店铺','6','13925226513','admin@qq.com','1513673181','online','10','290','0','30.84','259.16','99','430702198101290025','-1',NULL)
[2017-12-19 16:57:36] /hsd/admin@hsd/modules/shop/index.php?m=order_import&a=order_import_save ( m=order_import&a=order_import_save ) 
ERR: Db Error: Column 'order_remark' cannot be null
INSERT  INTO `kjyp_orders` (order_sn,external_order,pay_sn,store_id,store_name,buyer_id,buyer_name,buyer_email,add_time,payment_code,order_state,order_amount,shipping_fee,order_tax,goods_amount,order_from,member_idcard,store_storage_id,order_remark) VALUES ('2017121916573685519','GYS20171219867577','600567017856513006','3','倍赞店铺','6','15905589118','admin@qq.com','1513673855','online','10','870','0','92.52','777.48','99','341225199012010117','-1',NULL)
[2017-12-19 16:57:36] /hsd/admin@hsd/modules/shop/index.php?m=order_import&a=order_import_save ( m=order_import&a=order_import_save ) 
ERR: Db Error: Column 'order_remark' cannot be null
INSERT  INTO `kjyp_orders` (order_sn,external_order,pay_sn,store_id,store_name,buyer_id,buyer_name,buyer_email,add_time,payment_code,order_state,order_amount,shipping_fee,order_tax,goods_amount,order_from,member_idcard,store_storage_id,order_remark) VALUES ('2017121916573680140','GYS20171218730686','990567017856546006','3','倍赞店铺','6','13197029873','admin@qq.com','1513673855','online','10','640','0','68.06','571.94','99','420583199212022226','-1',NULL)
[2017-12-19 16:57:36] /hsd/admin@hsd/modules/shop/index.php?m=order_import&a=order_import_save ( m=order_import&a=order_import_save ) 
ERR: Db Error: Column 'order_remark' cannot be null
INSERT  INTO `kjyp_orders` (order_sn,external_order,pay_sn,store_id,store_name,buyer_id,buyer_name,buyer_email,add_time,payment_code,order_state,order_amount,shipping_fee,order_tax,goods_amount,order_from,member_idcard,store_storage_id,order_remark) VALUES ('2017121916573681304','GYS20171218717269','820567017856572006','3','倍赞店铺','6','15855436163','admin@qq.com','1513673855','online','10','780','0','82.95','697.05','99','340403198306092215','6',NULL)
[2017-12-19 16:57:36] /hsd/admin@hsd/modules/shop/index.php?m=order_import&a=order_import_save ( m=order_import&a=order_import_save ) 
ERR: Db Error: Column 'order_remark' cannot be null
INSERT  INTO `kjyp_orders` (order_sn,external_order,pay_sn,store_id,store_name,buyer_id,buyer_name,buyer_email,add_time,payment_code,order_state,order_amount,shipping_fee,order_tax,goods_amount,order_from,member_idcard,store_storage_id,order_remark) VALUES ('2017121916573667873','6923493676359452093sp2','630567017856598006','3','倍赞店铺','6','13679420096','admin@qq.com','1513673855','online','10','290','0','30.84','259.16','99','620123198711081321','-1',NULL)
[2017-12-19 16:57:36] /hsd/admin@hsd/modules/shop/index.php?m=order_import&a=order_import_save ( m=order_import&a=order_import_save ) 
ERR: Db Error: Column 'order_remark' cannot be null
INSERT  INTO `kjyp_orders` (order_sn,external_order,pay_sn,store_id,store_name,buyer_id,buyer_name,buyer_email,add_time,payment_code,order_state,order_amount,shipping_fee,order_tax,goods_amount,order_from,member_idcard,store_storage_id,order_remark) VALUES ('2017121916573624788','6924361767381444685sp2','710567017856625006','3','倍赞店铺','6','18805954333','admin@qq.com','1513673855','online','10','290','0','30.84','259.16','99','350524198705084035','-1',NULL)
[2017-12-19 16:57:36] /hsd/admin@hsd/modules/shop/index.php?m=order_import&a=order_import_save ( m=order_import&a=order_import_save ) 
ERR: Db Error: Column 'order_remark' cannot be null
INSERT  INTO `kjyp_orders` (order_sn,external_order,pay_sn,store_id,store_name,buyer_id,buyer_name,buyer_email,add_time,payment_code,order_state,order_amount,shipping_fee,order_tax,goods_amount,order_from,member_idcard,store_storage_id,order_remark) VALUES ('2017121916573665980','6919062920434390713sp2','720567017856653006','3','倍赞店铺','6','13977842099','admin@qq.com','1513673855','online','10','290','0','30.84','259.16','99','452730198803073819','-1',NULL)
[2017-12-19 16:57:36] /hsd/admin@hsd/modules/shop/index.php?m=order_import&a=order_import_save ( m=order_import&a=order_import_save ) 
ERR: Db Error: Column 'order_remark' cannot be null
INSERT  INTO `kjyp_orders` (order_sn,external_order,pay_sn,store_id,store_name,buyer_id,buyer_name,buyer_email,add_time,payment_code,order_state,order_amount,shipping_fee,order_tax,goods_amount,order_from,member_idcard,store_storage_id,order_remark) VALUES ('2017121916573654513','20171219111sp2','220567017856680006','3','倍赞店铺','6','13663089435','admin@qq.com','1513673855','online','10','870','0','92.52','777.48','99','410923199002155518','-1',NULL)
[2017-12-19 16:57:36] /hsd/admin@hsd/modules/shop/index.php?m=order_import&a=order_import_save ( m=order_import&a=order_import_save ) 
ERR: Db Error: Column 'order_remark' cannot be null
INSERT  INTO `kjyp_orders` (order_sn,external_order,pay_sn,store_id,store_name,buyer_id,buyer_name,buyer_email,add_time,payment_code,order_state,order_amount,shipping_fee,order_tax,goods_amount,order_from,member_idcard,store_storage_id,order_remark) VALUES ('2017121916573664390','6922995084645451497sp2','750567017856707006','3','倍赞店铺','6','18143779167','admin@qq.com','1513673855','online','10','260','0','27.65','232.35','99','622727198803168010','6',NULL)
[2017-12-19 16:57:36] /hsd/admin@hsd/modules/shop/index.php?m=order_import&a=order_import_save ( m=order_import&a=order_import_save ) 
ERR: Db Error: Column 'order_remark' cannot be null
INSERT  INTO `kjyp_orders` (order_sn,external_order,pay_sn,store_id,store_name,buyer_id,buyer_name,buyer_email,add_time,payment_code,order_state,order_amount,shipping_fee,order_tax,goods_amount,order_from,member_idcard,store_storage_id,order_remark) VALUES ('2017121916573650688','6920625794441108478sp2','310567017856733006','3','倍赞店铺','6','15983408616','admin@qq.com','1513673855','online','10','290','0','30.84','259.16','99','513434198805192527','-1',NULL)
[2017-12-19 16:57:36] /hsd/admin@hsd/modules/shop/index.php?m=order_import&a=order_import_save ( m=order_import&a=order_import_save ) 
ERR: Db Error: Column 'order_remark' cannot be null
INSERT  INTO `kjyp_orders` (order_sn,external_order,pay_sn,store_id,store_name,buyer_id,buyer_name,buyer_email,add_time,payment_code,order_state,order_amount,shipping_fee,order_tax,goods_amount,order_from,member_idcard,store_storage_id,order_remark) VALUES ('2017121916573672479','6921417952051955936sp2','110567017856760006','3','倍赞店铺','6','13925226513','admin@qq.com','1513673855','online','10','290','0','30.84','259.16','99','430702198101290025','-1',NULL)
