[2017-11-29 00:24:37] /index.php?m=index&a=index&m=search&a=index&cate_id=35&gift=1 ( m=search&a=index ) 
ERR: Db Error: Unknown column 'have_gift' in 'where clause'
SELECT COUNT(*) AS nc_count FROM `kjyp_goods_common` WHERE ( gc_id_2 = '35' ) AND ( have_gift = '1' ) LIMIT 1  
[2017-11-29 00:36:39] /index.php?m=index&a=index&m=search&a=index&cate_id=151&gift=1 ( m=search&a=index ) 
ERR: Db Error: Unknown column 'have_gift' in 'where clause'
SELECT COUNT(*) AS nc_count FROM `kjyp_goods_common` WHERE ( gc_id_2 = '151' ) AND ( have_gift = '1' ) LIMIT 1  
[2017-11-29 00:39:46] /index.php?m=index&a=index&m=search&a=index&cate_id=109&gift=1 ( m=search&a=index ) 
ERR: Db Error: Unknown column 'have_gift' in 'where clause'
SELECT COUNT(*) AS nc_count FROM `kjyp_goods_common` WHERE ( gc_id_2 = '109' ) AND ( have_gift = '1' ) LIMIT 1  
[2017-11-29 00:54:53] /index.php?m=index&a=index&m=search&a=index&cate_id=163&gift=1 ( m=search&a=index ) 
ERR: Db Error: Unknown column 'have_gift' in 'where clause'
SELECT COUNT(*) AS nc_count FROM `kjyp_goods_common` WHERE ( gc_id_2 = '163' ) AND ( have_gift = '1' ) LIMIT 1  
[2017-11-29 02:47:54] /index.php?m=index&a=index&m=search&a=index&keyword=&gift=1&area_id=31&order=0&key=0 ( m=search&a=index ) 
ERR: Db Error: Unknown column 'have_gift' in 'where clause'
SELECT COUNT(*) AS nc_count FROM `kjyp_goods_common` WHERE ( areaid_1 = '31' ) AND ( have_gift = '1' ) LIMIT 1  
[2017-11-29 02:59:44] /index.php?m=index&a=index&m=search&a=index&keyword=%E7%BE%8E%E7%B4%A0&gift=1&area_id=17&type=1&order=0&key=0 ( m=search&a=index ) 
ERR: Db Error: Unknown column 'have_gift' in 'where clause'
SELECT COUNT(*) AS nc_count FROM `kjyp_goods_common` WHERE ( (goods_name LIKE '%美素%') OR (goods_jingle LIKE '%美素%') ) AND ( areaid_1 = '17' ) AND ( is_own_shop = '1' ) AND ( have_gift = '1' ) LIMIT 1  
[2017-11-29 03:18:39] /index.php?m=index&a=index&m=search&a=index&keyword=&area_id=20&key=3&order=1&gift=1 ( m=search&a=index ) 
ERR: Db Error: Unknown column 'have_gift' in 'where clause'
SELECT COUNT(*) AS nc_count FROM `kjyp_goods_common` WHERE ( areaid_1 = '20' ) AND ( have_gift = '1' ) LIMIT 1  
[2017-11-29 03:22:26] /index.php?m=index&a=index&m=search&a=index&keyword=%E7%BE%8E%E7%B4%A0&gift=1&area_id=17&type=0 ( m=search&a=index ) 
ERR: Db Error: Unknown column 'have_gift' in 'where clause'
SELECT COUNT(*) AS nc_count FROM `kjyp_goods_common` WHERE ( (goods_name LIKE '%美素%') OR (goods_jingle LIKE '%美素%') ) AND ( areaid_1 = '17' ) AND ( have_gift = '1' ) LIMIT 1  
[2017-11-29 03:26:13] /index.php?m=index&a=index&m=search&a=index&keyword=&gift=1&area_id=12&key=2&order=2&type=1 ( m=search&a=index ) 
ERR: Db Error: Unknown column 'have_gift' in 'where clause'
SELECT COUNT(*) AS nc_count FROM `kjyp_goods_common` WHERE ( areaid_1 = '12' ) AND ( is_own_shop = '1' ) AND ( have_gift = '1' ) LIMIT 1  
[2017-11-29 11:27:09] /index.php?m=store_order&a=index&state_type=state_new&curpage=6 ( m=store_order&a=index ) 
ERR: Db Error: You have an error in your SQL syntax; check the manual that corresponds to your MariaDB server version for the right syntax to use near '-10,10' at line 1
SELECT * FROM `kjyp_orders` WHERE ( store_id = NULL ) AND ( order_state = '10' ) AND ( chain_code = '0' ) ORDER BY order_id desc LIMIT -10,10  
[2017-11-29 15:56:53] /index.php?m=index&a=index&m=search&a=index&keyword=&area_id=2&gift=1&order=0&key=0&type=1 ( m=search&a=index ) 
ERR: Db Error: Unknown column 'have_gift' in 'where clause'
SELECT COUNT(*) AS nc_count FROM `kjyp_goods_common` WHERE ( areaid_1 = '2' ) AND ( is_own_shop = '1' ) AND ( have_gift = '1' ) LIMIT 1  
[2017-11-29 15:56:58] /index.php?m=index&a=index&m=search&a=index&keyword=%E7%88%B1%E4%BB%96%E7%BE%8E&key=3&order=2&gift=1&area_id=30&type=1 ( m=search&a=index ) 
ERR: Db Error: Unknown column 'have_gift' in 'where clause'
SELECT COUNT(*) AS nc_count FROM `kjyp_goods_common` WHERE ( (goods_name LIKE '%爱他美%') OR (goods_jingle LIKE '%爱他美%') ) AND ( areaid_1 = '30' ) AND ( is_own_shop = '1' ) AND ( have_gift = '1' ) LIMIT 1  
[2017-11-29 15:57:02] /index.php?m=index&a=index&m=search&a=index&keyword=%E7%89%9B%E6%A0%8F&key=3&order=1&area_id=7&gift=1 ( m=search&a=index ) 
ERR: Db Error: Unknown column 'have_gift' in 'where clause'
SELECT COUNT(*) AS nc_count FROM `kjyp_goods_common` WHERE ( (goods_name LIKE '%牛栏%') OR (goods_jingle LIKE '%牛栏%') ) AND ( areaid_1 = '7' ) AND ( have_gift = '1' ) LIMIT 1  
[2017-11-29 15:57:07] /index.php?m=index&a=index&m=search&a=index&keyword=%E7%88%B1%E4%BB%96%E7%BE%8E&area_id=30&order=0&key=0&gift=1&type=1 ( m=search&a=index ) 
ERR: Db Error: Unknown column 'have_gift' in 'where clause'
SELECT COUNT(*) AS nc_count FROM `kjyp_goods_common` WHERE ( (goods_name LIKE '%爱他美%') OR (goods_jingle LIKE '%爱他美%') ) AND ( areaid_1 = '30' ) AND ( is_own_shop = '1' ) AND ( have_gift = '1' ) LIMIT 1  
[2017-11-29 15:57:20] /index.php?m=index&a=index&m=search&a=index&keyword=%E7%89%9B%E6%A0%8F&type=1&key=1&order=2&area_id=5&gift=1 ( m=search&a=index ) 
ERR: Db Error: Unknown column 'have_gift' in 'where clause'
SELECT COUNT(*) AS nc_count FROM `kjyp_goods_common` WHERE ( (goods_name LIKE '%牛栏%') OR (goods_jingle LIKE '%牛栏%') ) AND ( areaid_1 = '5' ) AND ( is_own_shop = '1' ) AND ( have_gift = '1' ) LIMIT 1  
[2017-11-29 15:57:42] /index.php?m=index&a=index&m=search&a=index&keyword=%E8%8A%B1%E7%8E%8B&gift=1&type=0&area_id=4 ( m=search&a=index ) 
ERR: Db Error: Unknown column 'have_gift' in 'where clause'
SELECT COUNT(*) AS nc_count FROM `kjyp_goods_common` WHERE ( (goods_name LIKE '%花王%') OR (goods_jingle LIKE '%花王%') ) AND ( areaid_1 = '4' ) AND ( have_gift = '1' ) LIMIT 1  
[2017-11-29 15:57:46] /index.php?m=index&a=index&m=search&a=index&keyword=%E7%88%B1%E4%BB%96%E7%BE%8E&key=3&order=1&gift=1&area_id=30 ( m=search&a=index ) 
ERR: Db Error: Unknown column 'have_gift' in 'where clause'
SELECT COUNT(*) AS nc_count FROM `kjyp_goods_common` WHERE ( (goods_name LIKE '%爱他美%') OR (goods_jingle LIKE '%爱他美%') ) AND ( areaid_1 = '30' ) AND ( have_gift = '1' ) LIMIT 1  
[2017-11-29 15:57:51] /index.php?m=index&a=index&m=search&a=index&keyword=&gift=1&area_id=31&order=0&key=0&type=1 ( m=search&a=index ) 
ERR: Db Error: Unknown column 'have_gift' in 'where clause'
SELECT COUNT(*) AS nc_count FROM `kjyp_goods_common` WHERE ( areaid_1 = '31' ) AND ( is_own_shop = '1' ) AND ( have_gift = '1' ) LIMIT 1  
[2017-11-29 15:58:04] /index.php?m=index&a=index&m=search&a=index&keyword=%E7%BE%8E%E7%B4%A0&gift=1&area_id=17&type=1&key=2&order=2 ( m=search&a=index ) 
ERR: Db Error: Unknown column 'have_gift' in 'where clause'
SELECT COUNT(*) AS nc_count FROM `kjyp_goods_common` WHERE ( (goods_name LIKE '%美素%') OR (goods_jingle LIKE '%美素%') ) AND ( areaid_1 = '17' ) AND ( is_own_shop = '1' ) AND ( have_gift = '1' ) LIMIT 1  
[2017-11-29 15:58:17] /index.php?m=index&a=index&m=search&a=index&keyword=%E7%88%B1%E4%BB%96%E7%BE%8E&area_id=17&order=0&key=0&gift=1&type=1 ( m=search&a=index ) 
ERR: Db Error: Unknown column 'have_gift' in 'where clause'
SELECT COUNT(*) AS nc_count FROM `kjyp_goods_common` WHERE ( (goods_name LIKE '%爱他美%') OR (goods_jingle LIKE '%爱他美%') ) AND ( areaid_1 = '17' ) AND ( is_own_shop = '1' ) AND ( have_gift = '1' ) LIMIT 1  
[2017-11-29 15:58:31] /index.php?m=index&a=index&m=search&a=index&keyword=%E7%88%B1%E4%BB%96%E7%BE%8E&gift=1&area_id=10&key=3&order=1 ( m=search&a=index ) 
ERR: Db Error: Unknown column 'have_gift' in 'where clause'
SELECT COUNT(*) AS nc_count FROM `kjyp_goods_common` WHERE ( (goods_name LIKE '%爱他美%') OR (goods_jingle LIKE '%爱他美%') ) AND ( areaid_1 = '10' ) AND ( have_gift = '1' ) LIMIT 1  
[2017-11-29 15:58:35] /index.php?m=index&a=index&m=search&a=index&keyword=%E7%BE%8E%E7%B4%A0&gift=1&area_id=17&type=1&key=1&order=2 ( m=search&a=index ) 
ERR: Db Error: Unknown column 'have_gift' in 'where clause'
SELECT COUNT(*) AS nc_count FROM `kjyp_goods_common` WHERE ( (goods_name LIKE '%美素%') OR (goods_jingle LIKE '%美素%') ) AND ( areaid_1 = '17' ) AND ( is_own_shop = '1' ) AND ( have_gift = '1' ) LIMIT 1  
[2017-11-29 15:58:53] /index.php?m=index&a=index&m=search&a=index&keyword=&gift=1&area_id=12&key=2&order=1 ( m=search&a=index ) 
ERR: Db Error: Unknown column 'have_gift' in 'where clause'
SELECT COUNT(*) AS nc_count FROM `kjyp_goods_common` WHERE ( areaid_1 = '12' ) AND ( have_gift = '1' ) LIMIT 1  
[2017-11-29 15:59:02] /index.php?m=index&a=index&m=search&a=index&keyword=%E7%BE%8E%E7%B4%A0&gift=1&area_id=17&type=1&key=3&order=2 ( m=search&a=index ) 
ERR: Db Error: Unknown column 'have_gift' in 'where clause'
SELECT COUNT(*) AS nc_count FROM `kjyp_goods_common` WHERE ( (goods_name LIKE '%美素%') OR (goods_jingle LIKE '%美素%') ) AND ( areaid_1 = '17' ) AND ( is_own_shop = '1' ) AND ( have_gift = '1' ) LIMIT 1  
[2017-11-29 15:59:15] /index.php?m=index&a=index&m=search&a=index&keyword=%E7%88%B1%E4%BB%96%E7%BE%8E&gift=1&area_id=10&key=3&order=2&type=1 ( m=search&a=index ) 
ERR: Db Error: Unknown column 'have_gift' in 'where clause'
SELECT COUNT(*) AS nc_count FROM `kjyp_goods_common` WHERE ( (goods_name LIKE '%爱他美%') OR (goods_jingle LIKE '%爱他美%') ) AND ( areaid_1 = '10' ) AND ( is_own_shop = '1' ) AND ( have_gift = '1' ) LIMIT 1  
[2017-11-29 15:59:24] /index.php?m=index&a=index&m=search&a=index&keyword=&key=2&order=2&area_id=21&type=1&gift=1 ( m=search&a=index ) 
ERR: Db Error: Unknown column 'have_gift' in 'where clause'
SELECT COUNT(*) AS nc_count FROM `kjyp_goods_common` WHERE ( areaid_1 = '21' ) AND ( is_own_shop = '1' ) AND ( have_gift = '1' ) LIMIT 1  
[2017-11-29 16:01:28] /index.php?m=index&a=index&m=search&a=index&keyword=%E7%89%9B%E6%A0%8F&area_id=7&key=0&order=0&gift=1&type=1 ( m=search&a=index ) 
ERR: Db Error: Unknown column 'have_gift' in 'where clause'
SELECT COUNT(*) AS nc_count FROM `kjyp_goods_common` WHERE ( (goods_name LIKE '%牛栏%') OR (goods_jingle LIKE '%牛栏%') ) AND ( areaid_1 = '7' ) AND ( is_own_shop = '1' ) AND ( have_gift = '1' ) LIMIT 1  
[2017-11-29 16:01:47] /index.php?m=index&a=index&m=search&a=index&keyword=%E7%89%9B%E6%A0%8F&area_id=1&key=0&order=0&gift=1&type=1 ( m=search&a=index ) 
ERR: Db Error: Unknown column 'have_gift' in 'where clause'
SELECT COUNT(*) AS nc_count FROM `kjyp_goods_common` WHERE ( (goods_name LIKE '%牛栏%') OR (goods_jingle LIKE '%牛栏%') ) AND ( areaid_1 = '1' ) AND ( is_own_shop = '1' ) AND ( have_gift = '1' ) LIMIT 1  
